2020-05-21 10:24:39,010：INFO-获取到ip和端口号的值为：10.83.0.18:8147
2020-05-21 10:24:39,010：INFO-获取接口地址的值为：/tianchuang/api/tc2/consumProbe
2020-05-21 10:24:39,040：INFO-******************************测试案例1的状态码200与预期一致
2020-05-21 10:24:39,040：INFO-******************************开始匹配测试案例1******************************
2020-05-21 10:24:39,040：INFO-接口返回的:{"isFee":"0","swiftNo":"0cbabff1ed0a4bc69662624bc238b015","code":"10000","message":"参数缺失"}
2020-05-21 10:24:39,040：INFO-接口返回包含预期字段:参数缺失
2020-05-21 10:24:39,040：INFO-******************************测试案例1匹配结束******************************
2020-05-21 10:24:39,041：INFO-******************************测试案例1的code=10000，在预期结果(10000)中
2020-05-21 10:24:39,044：INFO-生成测试案例成功
2020-05-21 10:24:39,065：INFO-获取到ip和端口号的值为：10.83.0.18:8147
2020-05-21 10:24:39,065：INFO-获取接口地址的值为：/tianchuang/api/tc2/consumProbe
2020-05-21 10:24:39,088：INFO-******************************测试案例2的状态码200与预期一致
2020-05-21 10:24:39,089：INFO-******************************开始匹配测试案例2******************************
2020-05-21 10:24:39,089：INFO-接口返回的:{"isFee":"0","swiftNo":"521f65683e8e40ab8d5d33947bf4516b","code":"10000","message":"参数缺失"}
2020-05-21 10:24:39,089：INFO-接口返回包含预期字段:参数缺失
2020-05-21 10:24:39,089：INFO-******************************测试案例2匹配结束******************************
2020-05-21 10:24:39,089：INFO-******************************测试案例2的code=10000，在预期结果(10000)中
2020-05-21 10:24:39,090：INFO-生成测试案例成功
2020-05-21 10:24:39,110：INFO-获取到ip和端口号的值为：10.83.0.18:8147
2020-05-21 10:24:39,110：INFO-获取接口地址的值为：/tianchuang/api/tc2/consumProbe
2020-05-21 10:24:39,134：INFO-******************************测试案例3的状态码200与预期一致
2020-05-21 10:24:39,134：INFO-******************************开始匹配测试案例3******************************
2020-05-21 10:24:39,134：INFO-接口返回的:{"isFee":"0","swiftNo":"d3160d7019a24af7b1dab01f387d721d","code":"10000","message":"参数缺失"}
2020-05-21 10:24:39,134：INFO-接口返回包含预期字段:参数缺失
2020-05-21 10:24:39,134：INFO-******************************测试案例3匹配结束******************************
2020-05-21 10:24:39,135：INFO-******************************测试案例3的code=10000，在预期结果(10000)中
2020-05-21 10:24:39,135：INFO-生成测试案例成功
2020-05-21 10:24:39,157：INFO-获取到ip和端口号的值为：10.83.0.18:8147
2020-05-21 10:24:39,157：INFO-获取接口地址的值为：/tianchuang/api/tc2/consumProbe
2020-05-21 10:24:39,180：INFO-******************************测试案例4的状态码200与预期一致
2020-05-21 10:24:39,180：INFO-******************************开始匹配测试案例4******************************
2020-05-21 10:24:39,180：INFO-接口返回的:{"isFee":"0","swiftNo":"c8cf088534144ae6a5c1dd714f445d14","code":"10000","message":"参数缺失"}
2020-05-21 10:24:39,180：INFO-接口返回包含预期字段:参数缺失
2020-05-21 10:24:39,180：INFO-******************************测试案例4匹配结束******************************
2020-05-21 10:24:39,181：INFO-******************************测试案例4的code=10000，在预期结果(10000)中
2020-05-21 10:24:39,181：INFO-生成测试案例成功
2020-05-21 10:24:39,203：INFO-获取到ip和端口号的值为：10.83.0.18:8147
2020-05-21 10:24:39,203：INFO-获取接口地址的值为：/tianchuang/api/tc2/consumProbe
2020-05-21 10:24:39,226：INFO-******************************测试案例5的状态码200与预期一致
2020-05-21 10:24:39,226：INFO-******************************开始匹配测试案例5******************************
2020-05-21 10:24:39,226：INFO-接口返回的:{"isFee":"0","swiftNo":"f036e68dc6624980929bf996c9c1813a","code":"10000","message":"参数缺失"}
2020-05-21 10:24:39,226：INFO-接口返回包含预期字段:参数缺失
2020-05-21 10:24:39,226：INFO-******************************测试案例5匹配结束******************************
2020-05-21 10:24:39,227：INFO-******************************测试案例5的code=10000，在预期结果(10000)中
2020-05-21 10:24:39,227：INFO-生成测试案例成功
