2020-04-26 11:50:24,889：INFO-获取到ip和端口号的值为：10.83.0.18:8084
2020-04-26 11:50:24,889：INFO-获取接口地址的值为：/tianchuang/api/sinan/infernalProbe
2020-04-26 11:50:24,916：INFO-******************************测试案例1的状态码200与预期一致
2020-04-26 11:50:24,916：INFO-******************************开始匹配测试案例1******************************
2020-04-26 11:50:24,916：INFO-接口返回的:{"code":"10000","message":"参数缺失"}
2020-04-26 11:50:24,916：INFO-接口返回包含预期字段:参数缺失
2020-04-26 11:50:24,917：INFO-******************************测试案例1匹配结束******************************
2020-04-26 11:50:24,917：INFO-******************************测试案例1的code=10000，在预期结果(10000)中
2020-04-26 11:50:24,921：INFO-生成测试案例成功
2020-04-26 11:50:24,948：INFO-获取到ip和端口号的值为：10.83.0.18:8084
2020-04-26 11:50:24,948：INFO-获取接口地址的值为：/tianchuang/api/sinan/infernalProbe
2020-04-26 11:50:25,189：INFO-******************************测试案例2的状态码200与预期一致
2020-04-26 11:50:25,189：INFO-******************************开始匹配测试案例2******************************
2020-04-26 11:50:25,189：INFO-接口返回的:{"code":"10000","message":"参数缺失"}
2020-04-26 11:50:25,189：INFO-接口返回包含预期字段:参数缺失
2020-04-26 11:50:25,189：INFO-******************************测试案例2匹配结束******************************
2020-04-26 11:50:25,189：INFO-******************************测试案例2的code=10000，在预期结果(10000)中
2020-04-26 11:50:25,190：INFO-生成测试案例成功
2020-04-26 11:50:25,213：INFO-获取到ip和端口号的值为：10.83.0.18:8084
2020-04-26 11:50:25,213：INFO-获取接口地址的值为：/tianchuang/api/sinan/infernalProbe
2020-04-26 11:50:25,240：INFO-******************************测试案例3的状态码200与预期一致
2020-04-26 11:50:25,241：INFO-******************************开始匹配测试案例3******************************
2020-04-26 11:50:25,241：INFO-接口返回的:{"code":"10000","message":"参数缺失"}
2020-04-26 11:50:25,241：INFO-接口返回包含预期字段:参数缺失
2020-04-26 11:50:25,241：INFO-******************************测试案例3匹配结束******************************
2020-04-26 11:50:25,241：INFO-******************************测试案例3的code=10000，在预期结果(10000)中
2020-04-26 11:50:25,242：INFO-生成测试案例成功
2020-04-26 11:50:25,268：INFO-获取到ip和端口号的值为：10.83.0.18:8084
2020-04-26 11:50:25,269：INFO-获取接口地址的值为：/tianchuang/api/sinan/infernalProbe
2020-04-26 11:50:25,295：INFO-******************************测试案例4的状态码200与预期一致
2020-04-26 11:50:25,296：INFO-******************************开始匹配测试案例4******************************
2020-04-26 11:50:25,296：INFO-接口返回的:{"code":"10000","message":"参数缺失"}
2020-04-26 11:50:25,296：INFO-接口返回包含预期字段:参数缺失
2020-04-26 11:50:25,296：INFO-******************************测试案例4匹配结束******************************
2020-04-26 11:50:25,296：INFO-******************************测试案例4的code=10000，在预期结果(10000)中
2020-04-26 11:50:25,297：INFO-生成测试案例成功
2020-04-26 11:50:25,325：INFO-获取到ip和端口号的值为：10.83.0.18:8084
2020-04-26 11:50:25,325：INFO-获取接口地址的值为：/tianchuang/api/sinan/infernalProbe
2020-04-26 11:50:25,351：INFO-******************************测试案例5的状态码200与预期一致
2020-04-26 11:50:25,352：INFO-******************************开始匹配测试案例5******************************
2020-04-26 11:50:25,352：INFO-接口返回的:{"code":"10000","message":"参数缺失"}
2020-04-26 11:50:25,352：INFO-接口返回包含预期字段:参数缺失
2020-04-26 11:50:25,352：INFO-******************************测试案例5匹配结束******************************
2020-04-26 11:50:25,352：INFO-******************************测试案例5的code=10000，在预期结果(10000)中
2020-04-26 11:50:25,353：INFO-生成测试案例成功
