2020-04-26 10:17:30,416：INFO-获取到ip和端口号的值为：10.83.0.18:8084
2020-04-26 10:17:30,416：INFO-获取接口地址的值为：/tianchuang/api/sinan/radarV1
2020-04-26 10:17:30,444：INFO-******************************测试案例1的状态码200与预期一致
2020-04-26 10:17:30,444：INFO-******************************开始匹配测试案例1******************************
2020-04-26 10:17:30,444：INFO-接口返回的:{"code":"10000","message":"参数缺失"}
2020-04-26 10:17:30,444：INFO-接口返回包含预期字段:参数缺失
2020-04-26 10:17:30,444：INFO-******************************测试案例1匹配结束******************************
2020-04-26 10:17:30,445：INFO-******************************测试案例1的code=10000，在预期结果(10000)中
2020-04-26 10:17:30,448：INFO-生成测试案例成功
2020-04-26 10:17:30,471：INFO-获取到ip和端口号的值为：10.83.0.18:8084
2020-04-26 10:17:30,472：INFO-获取接口地址的值为：/tianchuang/api/sinan/radarV1
2020-04-26 10:17:30,497：INFO-******************************测试案例2的状态码200与预期一致
2020-04-26 10:17:30,497：INFO-******************************开始匹配测试案例2******************************
2020-04-26 10:17:30,497：INFO-接口返回的:{"code":"10000","message":"参数缺失"}
2020-04-26 10:17:30,498：INFO-接口返回包含预期字段:参数缺失
2020-04-26 10:17:30,498：INFO-******************************测试案例2匹配结束******************************
2020-04-26 10:17:30,498：INFO-******************************测试案例2的code=10000，在预期结果(10000)中
2020-04-26 10:17:30,498：INFO-生成测试案例成功
2020-04-26 10:17:30,521：INFO-获取到ip和端口号的值为：10.83.0.18:8084
2020-04-26 10:17:30,521：INFO-获取接口地址的值为：/tianchuang/api/sinan/radarV1
2020-04-26 10:17:30,547：INFO-******************************测试案例3的状态码200与预期一致
2020-04-26 10:17:30,548：INFO-******************************开始匹配测试案例3******************************
2020-04-26 10:17:30,548：INFO-接口返回的:{"code":"10000","message":"参数缺失"}
2020-04-26 10:17:30,548：INFO-接口返回包含预期字段:参数缺失
2020-04-26 10:17:30,548：INFO-******************************测试案例3匹配结束******************************
2020-04-26 10:17:30,549：INFO-******************************测试案例3的code=10000，在预期结果(10000)中
2020-04-26 10:17:30,549：INFO-生成测试案例成功
2020-04-26 10:17:30,571：INFO-获取到ip和端口号的值为：10.83.0.18:8084
2020-04-26 10:17:30,572：INFO-获取接口地址的值为：/tianchuang/api/sinan/radarV1
2020-04-26 10:17:30,596：INFO-******************************测试案例4的状态码200与预期一致
2020-04-26 10:17:30,597：INFO-******************************开始匹配测试案例4******************************
2020-04-26 10:17:30,597：INFO-接口返回的:{"code":"10000","message":"参数缺失"}
2020-04-26 10:17:30,597：INFO-接口返回包含预期字段:参数缺失
2020-04-26 10:17:30,597：INFO-******************************测试案例4匹配结束******************************
2020-04-26 10:17:30,597：INFO-******************************测试案例4的code=10000，在预期结果(10000)中
2020-04-26 10:17:30,598：INFO-生成测试案例成功
2020-04-26 10:17:30,621：INFO-获取到ip和端口号的值为：10.83.0.18:8084
2020-04-26 10:17:30,621：INFO-获取接口地址的值为：/tianchuang/api/sinan/radarV1
2020-04-26 10:17:30,646：INFO-******************************测试案例5的状态码200与预期一致
2020-04-26 10:17:30,646：INFO-******************************开始匹配测试案例5******************************
2020-04-26 10:17:30,646：INFO-接口返回的:{"code":"10000","message":"参数缺失"}
2020-04-26 10:17:30,646：INFO-接口返回包含预期字段:参数缺失
2020-04-26 10:17:30,646：INFO-******************************测试案例5匹配结束******************************
2020-04-26 10:17:30,646：INFO-******************************测试案例5的code=10000，在预期结果(10000)中
2020-04-26 10:17:30,647：INFO-生成测试案例成功
