2020-05-21 11:27:49,081：INFO-获取到ip和端口号的值为：10.83.0.18:8147
2020-05-21 11:27:49,081：INFO-获取接口地址的值为：/tianchuang/api/tc2/creditMiddleBigScore
2020-05-21 11:27:49,106：INFO-******************************测试案例1的状态码200与预期一致
2020-05-21 11:27:49,106：INFO-******************************开始匹配测试案例1******************************
2020-05-21 11:27:49,106：INFO-接口返回的:{"isFee":"0","swiftNo":"7735a93bda2c4fac8e427d80e6124f6d","code":"10000","message":"参数缺失"}
2020-05-21 11:27:49,106：INFO-接口返回包含预期字段:参数缺失
2020-05-21 11:27:49,106：INFO-******************************测试案例1匹配结束******************************
2020-05-21 11:27:49,107：INFO-******************************测试案例1的code=10000，在预期结果(10000)中
2020-05-21 11:27:49,110：INFO-生成测试案例成功
2020-05-21 11:27:49,132：INFO-获取到ip和端口号的值为：10.83.0.18:8147
2020-05-21 11:27:49,132：INFO-获取接口地址的值为：/tianchuang/api/tc2/creditMiddleBigScore
2020-05-21 11:27:49,155：INFO-******************************测试案例2的状态码200与预期一致
2020-05-21 11:27:49,155：INFO-******************************开始匹配测试案例2******************************
2020-05-21 11:27:49,155：INFO-接口返回的:{"isFee":"0","swiftNo":"dd7bf87dd73d4727af717b419c024b6d","code":"10000","message":"参数缺失"}
2020-05-21 11:27:49,155：INFO-接口返回包含预期字段:参数缺失
2020-05-21 11:27:49,156：INFO-******************************测试案例2匹配结束******************************
2020-05-21 11:27:49,156：INFO-******************************测试案例2的code=10000，在预期结果(10000)中
2020-05-21 11:27:49,156：INFO-生成测试案例成功
2020-05-21 11:27:49,178：INFO-获取到ip和端口号的值为：10.83.0.18:8147
2020-05-21 11:27:49,178：INFO-获取接口地址的值为：/tianchuang/api/tc2/creditMiddleBigScore
2020-05-21 11:27:49,202：INFO-******************************测试案例3的状态码200与预期一致
2020-05-21 11:27:49,202：INFO-******************************开始匹配测试案例3******************************
2020-05-21 11:27:49,202：INFO-接口返回的:{"isFee":"0","swiftNo":"286538b3d29344b5b47b03ec4c1faf87","code":"10000","message":"参数缺失"}
2020-05-21 11:27:49,203：INFO-接口返回包含预期字段:参数缺失
2020-05-21 11:27:49,203：INFO-******************************测试案例3匹配结束******************************
2020-05-21 11:27:49,203：INFO-******************************测试案例3的code=10000，在预期结果(10000)中
2020-05-21 11:27:49,203：INFO-生成测试案例成功
2020-05-21 11:27:49,227：INFO-获取到ip和端口号的值为：10.83.0.18:8147
2020-05-21 11:27:49,227：INFO-获取接口地址的值为：/tianchuang/api/tc2/creditMiddleBigScore
2020-05-21 11:27:49,250：INFO-******************************测试案例4的状态码200与预期一致
2020-05-21 11:27:49,250：INFO-******************************开始匹配测试案例4******************************
2020-05-21 11:27:49,250：INFO-接口返回的:{"isFee":"0","swiftNo":"79b6b74652a54aaa9c09a05fb7c6f030","code":"10000","message":"参数缺失"}
2020-05-21 11:27:49,250：INFO-接口返回包含预期字段:参数缺失
2020-05-21 11:27:49,251：INFO-******************************测试案例4匹配结束******************************
2020-05-21 11:27:49,251：INFO-******************************测试案例4的code=10000，在预期结果(10000)中
2020-05-21 11:27:49,251：INFO-生成测试案例成功
2020-05-21 11:27:49,286：INFO-获取到ip和端口号的值为：10.83.0.18:8147
2020-05-21 11:27:49,286：INFO-获取接口地址的值为：/tianchuang/api/tc2/creditMiddleBigScore
2020-05-21 11:27:49,308：INFO-******************************测试案例5的状态码200与预期一致
2020-05-21 11:27:49,308：INFO-******************************开始匹配测试案例5******************************
2020-05-21 11:27:49,309：INFO-接口返回的:{"isFee":"0","swiftNo":"09339d3e6b8e46b79a5174ca56886c39","code":"10000","message":"参数缺失"}
2020-05-21 11:27:49,309：INFO-接口返回包含预期字段:参数缺失
2020-05-21 11:27:49,309：INFO-******************************测试案例5匹配结束******************************
2020-05-21 11:27:49,309：INFO-******************************测试案例5的code=10000，在预期结果(10000)中
2020-05-21 11:27:49,309：INFO-生成测试案例成功
2020-05-21 11:27:49,332：INFO-获取到ip和端口号的值为：10.83.0.18:8147
2020-05-21 11:27:49,332：INFO-获取接口地址的值为：/tianchuang/api/tc2/creditMiddleBigScore
2020-05-21 11:27:49,356：INFO-******************************测试案例6的状态码200与预期一致
2020-05-21 11:27:49,356：INFO-******************************开始匹配测试案例6******************************
2020-05-21 11:27:49,356：INFO-接口返回的:{"isFee":"0","swiftNo":"6ab49c290776429481d96fa918633aea","code":"10000","message":"参数缺失"}
2020-05-21 11:27:49,356：INFO-接口返回包含预期字段:参数缺失
2020-05-21 11:27:49,356：INFO-******************************测试案例6匹配结束******************************
2020-05-21 11:27:49,356：INFO-******************************测试案例6的code=10000，在预期结果(10000)中
2020-05-21 11:27:49,357：INFO-生成测试案例成功
