2020-04-15 16:59:17,514：INFO-获取到ip和端口号的值为：10.83.0.18:8134
2020-04-15 16:59:17,514：INFO-获取接口地址的值为：/csig/api/tencentCloud/queryMobileStuats
2020-04-15 16:59:17,556：INFO-******************************测试案例1的状态码200与预期一致
2020-04-15 16:59:17,556：INFO-******************************开始匹配测试案例1******************************
2020-04-15 16:59:17,557：INFO-接口返回的message:{"isFee":"0","swiftNo":"","code":"01","isp":"unicom","message":"请求参数缺失!请求流水号不能为空!"}
2020-04-15 16:59:17,558：INFO-接口返回包含预期字段:参数缺失
2020-04-15 16:59:17,559：INFO-******************************测试案例1匹配结束******************************
2020-04-15 16:59:17,559：INFO-******************************测试案例1的code=01，在预期结果(01)中
2020-04-15 16:59:17,564：INFO-生成测试案例成功
2020-04-15 16:59:17,617：INFO-******************************测试案例2的状态码200与预期一致
2020-04-15 16:59:17,617：INFO-******************************开始匹配测试案例2******************************
2020-04-15 16:59:17,618：INFO-接口返回的message:{"isFee":"0","swiftNo":"202004150001","code":"01","isp":"unicom","message":"请求参数缺失!请求渠道不能为空!"}
2020-04-15 16:59:17,623：INFO-接口返回包含预期字段:参数缺失
2020-04-15 16:59:17,623：INFO-******************************测试案例2匹配结束******************************
2020-04-15 16:59:17,624：INFO-******************************测试案例2的code=01，在预期结果(01)中
2020-04-15 16:59:17,624：INFO-生成测试案例成功
2020-04-15 16:59:17,706：INFO-******************************测试案例3的状态码200与预期一致
2020-04-15 16:59:17,707：INFO-******************************开始匹配测试案例3******************************
2020-04-15 16:59:17,710：INFO-接口返回的message:{"isFee":"0","swiftNo":"202004150002","code":"01","isp":"unicom","message":"请求参数缺失!项目名称不能为空!"}
2020-04-15 16:59:17,712：INFO-接口返回包含预期字段:参数缺失
2020-04-15 16:59:17,713：INFO-******************************测试案例3匹配结束******************************
2020-04-15 16:59:17,713：INFO-******************************测试案例3的code=01，在预期结果(01)中
2020-04-15 16:59:17,714：INFO-生成测试案例成功
2020-04-15 16:59:17,774：INFO-******************************测试案例4的状态码200与预期一致
2020-04-15 16:59:17,775：INFO-******************************开始匹配测试案例4******************************
2020-04-15 16:59:17,776：INFO-接口返回的message:{"isFee":"0","swiftNo":"202004150003","code":"01","message":"请求参数缺失!手机号码不能为空!"}
2020-04-15 16:59:17,778：INFO-接口返回包含预期字段:参数缺失
2020-04-15 16:59:17,778：INFO-******************************测试案例4匹配结束******************************
2020-04-15 16:59:17,778：INFO-******************************测试案例4的code=01，在预期结果(01)中
2020-04-15 16:59:17,779：INFO-生成测试案例成功
