2020-05-20 09:54:53,141：INFO-获取到ip和端口号的值为：10.83.0.132:8143
2020-05-20 09:54:53,141：INFO-获取接口地址的值为：/auroradivisor/api/auroraV5
2020-05-20 09:54:53,170：INFO-******************************测试案例1的状态码200与预期一致
2020-05-20 09:54:53,170：INFO-******************************开始匹配测试案例1******************************
2020-05-20 09:54:53,170：INFO-接口返回的:{"msg":"流水号不能为空","code":"210"}
2020-05-20 09:54:53,170：INFO-接口返回包含预期字段:不能为空
2020-05-20 09:54:53,170：INFO-******************************测试案例1匹配结束******************************
2020-05-20 09:54:53,170：INFO-******************************测试案例1的code=210，在预期结果(210)中
2020-05-20 09:54:53,174：INFO-生成测试案例成功
2020-05-20 09:54:53,199：INFO-获取到ip和端口号的值为：10.83.0.132:8143
2020-05-20 09:54:53,200：INFO-获取接口地址的值为：/auroradivisor/api/auroraV5
2020-05-20 09:54:53,223：INFO-******************************测试案例2的状态码200与预期一致
2020-05-20 09:54:53,223：INFO-******************************开始匹配测试案例2******************************
2020-05-20 09:54:53,223：INFO-接口返回的:{"msg":"系统通道不能为空","code":"210"}
2020-05-20 09:54:53,223：INFO-接口返回包含预期字段:不能为空
2020-05-20 09:54:53,223：INFO-******************************测试案例2匹配结束******************************
2020-05-20 09:54:53,223：INFO-******************************测试案例2的code=210，在预期结果(210)中
2020-05-20 09:54:53,224：INFO-生成测试案例成功
2020-05-20 09:54:53,244：INFO-获取到ip和端口号的值为：10.83.0.132:8143
2020-05-20 09:54:53,245：INFO-获取接口地址的值为：/auroradivisor/api/auroraV5
2020-05-20 09:54:53,268：INFO-******************************测试案例3的状态码200与预期一致
2020-05-20 09:54:53,268：INFO-******************************开始匹配测试案例3******************************
2020-05-20 09:54:53,268：INFO-接口返回的:{"msg":"项目名称不能为空","code":"210"}
2020-05-20 09:54:53,268：INFO-接口返回包含预期字段:不能为空
2020-05-20 09:54:53,268：INFO-******************************测试案例3匹配结束******************************
2020-05-20 09:54:53,268：INFO-******************************测试案例3的code=210，在预期结果(210)中
2020-05-20 09:54:53,269：INFO-生成测试案例成功
2020-05-20 09:54:53,292：INFO-获取到ip和端口号的值为：10.83.0.132:8143
2020-05-20 09:54:53,292：INFO-获取接口地址的值为：/auroradivisor/api/auroraV5
2020-05-20 09:54:53,315：INFO-******************************测试案例4的状态码200与预期一致
2020-05-20 09:54:53,315：INFO-******************************开始匹配测试案例4******************************
2020-05-20 09:54:53,316：INFO-接口返回的:{"msg":"phone和phone_md5至少提供一个","code":"210"}
2020-05-20 09:54:53,316：ERROR-响应信息中不包含预期字段:不能为空
2020-05-20 09:54:53,316：INFO-******************************测试案例4匹配结束******************************
2020-05-20 09:54:53,316：INFO-******************************测试案例4的code=210，在预期结果(210)中
2020-05-20 09:54:53,316：INFO-生成测试案例成功
2020-05-20 09:54:53,354：INFO-获取到ip和端口号的值为：10.83.0.132:8143
2020-05-20 09:54:53,354：INFO-获取接口地址的值为：/auroradivisor/api/auroraV5
2020-05-20 09:54:53,378：INFO-******************************测试案例5的状态码200与预期一致
2020-05-20 09:54:53,378：INFO-******************************开始匹配测试案例5******************************
2020-05-20 09:54:53,378：INFO-接口返回的:{"msg":"phone和phone_md5至少提供一个","code":"210"}
2020-05-20 09:54:53,379：ERROR-响应信息中不包含预期字段:不能为空
2020-05-20 09:54:53,379：INFO-******************************测试案例5匹配结束******************************
2020-05-20 09:54:53,379：INFO-******************************测试案例5的code=210，在预期结果(210)中
2020-05-20 09:54:53,379：INFO-生成测试案例成功
2020-05-20 09:54:53,404：INFO-获取到ip和端口号的值为：10.83.0.132:8143
2020-05-20 09:54:53,404：INFO-获取接口地址的值为：/auroradivisor/api/auroraV5
2020-05-20 09:54:53,621：INFO-******************************测试案例6的状态码200与预期一致
2020-05-20 09:54:53,621：INFO-******************************开始匹配测试案例6******************************
2020-05-20 09:54:53,621：INFO-接口返回的:{"msg":"用户姓名不能为空","req_id":"9828b882c7f5b9cd","isFee":"0","swiftNo":"202005200005","code":"4000","data":""}
2020-05-20 09:54:53,621：INFO-接口返回包含预期字段:不能为空
2020-05-20 09:54:53,621：INFO-******************************测试案例6匹配结束******************************
2020-05-20 09:54:53,621：ERROR-******************************测试案例6的code=4000，不在预期结果(210)中
2020-05-20 09:54:53,622：INFO-生成测试案例成功
2020-05-20 09:54:53,660：INFO-获取到ip和端口号的值为：10.83.0.132:8143
2020-05-20 09:54:53,660：INFO-获取接口地址的值为：/auroradivisor/api/auroraV5
2020-05-20 09:54:53,749：INFO-******************************测试案例7的状态码200与预期一致
2020-05-20 09:54:53,749：INFO-******************************开始匹配测试案例7******************************
2020-05-20 09:54:53,749：INFO-接口返回的:{"msg":"用户姓名不能为空","req_id":"191def18254695af","isFee":"0","swiftNo":"202005200006","code":"4000","data":""}
2020-05-20 09:54:53,749：INFO-接口返回包含预期字段:不能为空
2020-05-20 09:54:53,749：INFO-******************************测试案例7匹配结束******************************
2020-05-20 09:54:53,749：ERROR-******************************测试案例7的code=4000，不在预期结果(210)中
2020-05-20 09:54:53,750：INFO-生成测试案例成功
2020-05-20 09:54:53,788：INFO-获取到ip和端口号的值为：10.83.0.132:8143
2020-05-20 09:54:53,788：INFO-获取接口地址的值为：/auroradivisor/api/auroraV5
2020-05-20 09:54:53,871：INFO-******************************测试案例8的状态码200与预期一致
2020-05-20 09:54:53,872：INFO-******************************开始匹配测试案例8******************************
2020-05-20 09:54:53,872：INFO-接口返回的:{"msg":"身份证号不能为空","req_id":"e4b6df78e4c73281","isFee":"0","swiftNo":"202005200007","code":"4000","data":""}
2020-05-20 09:54:53,872：INFO-接口返回包含预期字段:不能为空
2020-05-20 09:54:53,872：INFO-******************************测试案例8匹配结束******************************
2020-05-20 09:54:53,872：ERROR-******************************测试案例8的code=4000，不在预期结果(210)中
2020-05-20 09:54:53,872：INFO-生成测试案例成功
2020-05-20 09:54:53,897：INFO-获取到ip和端口号的值为：10.83.0.132:8143
2020-05-20 09:54:53,897：INFO-获取接口地址的值为：/auroradivisor/api/auroraV5
2020-05-20 09:54:53,986：INFO-******************************测试案例9的状态码200与预期一致
2020-05-20 09:54:53,986：INFO-******************************开始匹配测试案例9******************************
2020-05-20 09:54:53,986：INFO-接口返回的:{"msg":"身份证号不能为空","req_id":"a0804a325e9b5c54","isFee":"0","swiftNo":"202005200008","code":"4000","data":""}
2020-05-20 09:54:53,987：INFO-接口返回包含预期字段:不能为空
2020-05-20 09:54:53,987：INFO-******************************测试案例9匹配结束******************************
2020-05-20 09:54:53,987：ERROR-******************************测试案例9的code=4000，不在预期结果(210)中
2020-05-20 09:54:53,987：INFO-生成测试案例成功
