2020-05-21 10:25:43,964：INFO-获取到ip和端口号的值为：10.83.0.18:8147
2020-05-21 10:25:43,964：INFO-获取接口地址的值为：/tianchuang/api/tc2/consumProbe
2020-05-21 10:25:43,991：INFO-******************************测试案例1的状态码200与预期一致
2020-05-21 10:25:43,992：INFO-******************************开始匹配测试案例1******************************
2020-05-21 10:25:43,992：INFO-接口返回的:{"isFee":"0","swiftNo":"8916543261614286966f0bc58456c617","code":"10000","message":"参数缺失"}
2020-05-21 10:25:43,992：INFO-接口返回包含预期字段:参数缺失
2020-05-21 10:25:43,992：INFO-******************************测试案例1匹配结束******************************
2020-05-21 10:25:43,993：INFO-******************************测试案例1的code=10000，在预期结果(10000)中
2020-05-21 10:25:43,996：INFO-生成测试案例成功
2020-05-21 10:25:44,019：INFO-获取到ip和端口号的值为：10.83.0.18:8147
2020-05-21 10:25:44,019：INFO-获取接口地址的值为：/tianchuang/api/tc2/consumProbe
2020-05-21 10:25:44,043：INFO-******************************测试案例2的状态码200与预期一致
2020-05-21 10:25:44,044：INFO-******************************开始匹配测试案例2******************************
2020-05-21 10:25:44,044：INFO-接口返回的:{"isFee":"0","swiftNo":"0f897f1000e943c0991f5628fad9ca40","code":"10000","message":"参数缺失"}
2020-05-21 10:25:44,044：INFO-接口返回包含预期字段:参数缺失
2020-05-21 10:25:44,044：INFO-******************************测试案例2匹配结束******************************
2020-05-21 10:25:44,044：INFO-******************************测试案例2的code=10000，在预期结果(10000)中
2020-05-21 10:25:44,045：INFO-生成测试案例成功
2020-05-21 10:25:44,073：INFO-获取到ip和端口号的值为：10.83.0.18:8147
2020-05-21 10:25:44,073：INFO-获取接口地址的值为：/tianchuang/api/tc2/consumProbe
2020-05-21 10:25:44,099：INFO-******************************测试案例3的状态码200与预期一致
2020-05-21 10:25:44,099：INFO-******************************开始匹配测试案例3******************************
2020-05-21 10:25:44,099：INFO-接口返回的:{"isFee":"0","swiftNo":"7927784903cd49c981591298c2b21471","code":"10000","message":"参数缺失"}
2020-05-21 10:25:44,099：INFO-接口返回包含预期字段:参数缺失
2020-05-21 10:25:44,099：INFO-******************************测试案例3匹配结束******************************
2020-05-21 10:25:44,099：INFO-******************************测试案例3的code=10000，在预期结果(10000)中
2020-05-21 10:25:44,100：INFO-生成测试案例成功
2020-05-21 10:25:44,123：INFO-获取到ip和端口号的值为：10.83.0.18:8147
2020-05-21 10:25:44,123：INFO-获取接口地址的值为：/tianchuang/api/tc2/consumProbe
2020-05-21 10:25:44,147：INFO-******************************测试案例4的状态码200与预期一致
2020-05-21 10:25:44,148：INFO-******************************开始匹配测试案例4******************************
2020-05-21 10:25:44,148：INFO-接口返回的:{"isFee":"0","swiftNo":"ff698d0c68fe4e869d4642c42f3f616d","code":"10000","message":"参数缺失"}
2020-05-21 10:25:44,148：INFO-接口返回包含预期字段:参数缺失
2020-05-21 10:25:44,148：INFO-******************************测试案例4匹配结束******************************
2020-05-21 10:25:44,148：INFO-******************************测试案例4的code=10000，在预期结果(10000)中
2020-05-21 10:25:44,149：INFO-生成测试案例成功
2020-05-21 10:25:44,176：INFO-获取到ip和端口号的值为：10.83.0.18:8147
2020-05-21 10:25:44,176：INFO-获取接口地址的值为：/tianchuang/api/tc2/consumProbe
2020-05-21 10:25:44,201：INFO-******************************测试案例5的状态码200与预期一致
2020-05-21 10:25:44,201：INFO-******************************开始匹配测试案例5******************************
2020-05-21 10:25:44,201：INFO-接口返回的:{"isFee":"0","swiftNo":"7118b5600dc94f038058283d3a9cd80c","code":"10000","message":"参数缺失"}
2020-05-21 10:25:44,201：INFO-接口返回包含预期字段:参数缺失
2020-05-21 10:25:44,201：INFO-******************************测试案例5匹配结束******************************
2020-05-21 10:25:44,202：INFO-******************************测试案例5的code=10000，在预期结果(10000)中
2020-05-21 10:25:44,202：INFO-生成测试案例成功
