2020-04-15 16:31:01,892：INFO-获取到ip和端口号的值为：10.83.0.18:8134
2020-04-15 16:31:01,892：INFO-获取接口地址的值为：/csig/api/tencentCloud/queryMobileNetTime
2020-04-15 16:31:01,933：INFO-******************************测试案例1的状态码200与预期一致
2020-04-15 16:31:01,934：INFO-******************************开始匹配测试案例1******************************
2020-04-15 16:31:01,937：INFO-接口返回的message:{"isFee":0,"swiftNo":"202004150007","code":"0000","isp":"unicom","responseData":"{\"Description\":\"成功\",\"RequestId\":\"f893bfcf-167d-45df-99aa-60a23fe5809d\",\"Range\":\"(24,+]\",\"Result\":\"0\"}","message":"SUCCESS"}
2020-04-15 16:31:01,937：INFO-接口返回包含预期字段:SUCCESS
2020-04-15 16:31:01,938：INFO-******************************测试案例1匹配结束******************************
2020-04-15 16:31:01,938：INFO-******************************开始匹配测试案例1******************************
2020-04-15 16:31:01,938：INFO-接口返回的isFee:{"isFee":0,"swiftNo":"202004150007","code":"0000","isp":"unicom","responseData":"{\"Description\":\"成功\",\"RequestId\":\"f893bfcf-167d-45df-99aa-60a23fe5809d\",\"Range\":\"(24,+]\",\"Result\":\"0\"}","message":"SUCCESS"}
2020-04-15 16:31:01,939：ERROR-响应信息中不包含预期字段:1
2020-04-15 16:31:01,939：INFO-******************************测试案例1匹配结束******************************
2020-04-15 16:31:01,939：INFO-******************************开始匹配测试案例1******************************
2020-04-15 16:31:01,939：INFO-接口返回的code:{"isFee":0,"swiftNo":"202004150007","code":"0000","isp":"unicom","responseData":"{\"Description\":\"成功\",\"RequestId\":\"f893bfcf-167d-45df-99aa-60a23fe5809d\",\"Range\":\"(24,+]\",\"Result\":\"0\"}","message":"SUCCESS"}
2020-04-15 16:31:01,940：INFO-接口返回包含预期字段:0000
2020-04-15 16:31:01,940：INFO-******************************测试案例1匹配结束******************************
2020-04-15 16:31:01,945：INFO-生成测试案例成功
2020-04-15 16:31:01,995：INFO-******************************测试案例2的状态码200与预期一致
2020-04-15 16:31:01,997：INFO-******************************开始匹配测试案例2******************************
2020-04-15 16:31:02,000：INFO-接口返回的message:{"isFee":0,"swiftNo":"202004150008","code":"0000","isp":"mobile","responseData":"{\"Description\":\"成功\",\"RequestId\":\"f893bfcf-167d-45df-99aa-60a23fe5809d\",\"Range\":\"(24,+]\",\"Result\":\"0\"}","message":"SUCCESS"}
2020-04-15 16:31:02,000：INFO-接口返回包含预期字段:SUCCESS
2020-04-15 16:31:02,000：INFO-******************************测试案例2匹配结束******************************
2020-04-15 16:31:02,001：INFO-******************************开始匹配测试案例2******************************
2020-04-15 16:31:02,001：INFO-接口返回的isFee:{"isFee":0,"swiftNo":"202004150008","code":"0000","isp":"mobile","responseData":"{\"Description\":\"成功\",\"RequestId\":\"f893bfcf-167d-45df-99aa-60a23fe5809d\",\"Range\":\"(24,+]\",\"Result\":\"0\"}","message":"SUCCESS"}
2020-04-15 16:31:02,002：ERROR-响应信息中不包含预期字段:1
2020-04-15 16:31:02,002：INFO-******************************测试案例2匹配结束******************************
2020-04-15 16:31:02,002：INFO-******************************开始匹配测试案例2******************************
2020-04-15 16:31:02,003：INFO-接口返回的code:{"isFee":0,"swiftNo":"202004150008","code":"0000","isp":"mobile","responseData":"{\"Description\":\"成功\",\"RequestId\":\"f893bfcf-167d-45df-99aa-60a23fe5809d\",\"Range\":\"(24,+]\",\"Result\":\"0\"}","message":"SUCCESS"}
2020-04-15 16:31:02,003：INFO-接口返回包含预期字段:0000
2020-04-15 16:31:02,003：INFO-******************************测试案例2匹配结束******************************
2020-04-15 16:31:02,007：INFO-生成测试案例成功
2020-04-15 16:31:02,086：INFO-******************************测试案例3的状态码200与预期一致
2020-04-15 16:31:02,087：INFO-******************************开始匹配测试案例3******************************
2020-04-15 16:31:02,088：INFO-接口返回的message:{"isFee":0,"swiftNo":"202004150009","code":"0000","isp":"telecom","responseData":"{\"Description\":\"成功\",\"RequestId\":\"f893bfcf-167d-45df-99aa-60a23fe5809d\",\"Range\":\"(24,+]\",\"Result\":\"0\"}","message":"SUCCESS"}
2020-04-15 16:31:02,088：INFO-接口返回包含预期字段:SUCCESS
2020-04-15 16:31:02,088：INFO-******************************测试案例3匹配结束******************************
2020-04-15 16:31:02,089：INFO-******************************开始匹配测试案例3******************************
2020-04-15 16:31:02,089：INFO-接口返回的isFee:{"isFee":0,"swiftNo":"202004150009","code":"0000","isp":"telecom","responseData":"{\"Description\":\"成功\",\"RequestId\":\"f893bfcf-167d-45df-99aa-60a23fe5809d\",\"Range\":\"(24,+]\",\"Result\":\"0\"}","message":"SUCCESS"}
2020-04-15 16:31:02,089：ERROR-响应信息中不包含预期字段:1
2020-04-15 16:31:02,090：INFO-******************************测试案例3匹配结束******************************
2020-04-15 16:31:02,090：INFO-******************************开始匹配测试案例3******************************
2020-04-15 16:31:02,092：INFO-接口返回的code:{"isFee":0,"swiftNo":"202004150009","code":"0000","isp":"telecom","responseData":"{\"Description\":\"成功\",\"RequestId\":\"f893bfcf-167d-45df-99aa-60a23fe5809d\",\"Range\":\"(24,+]\",\"Result\":\"0\"}","message":"SUCCESS"}
2020-04-15 16:31:02,093：INFO-接口返回包含预期字段:0000
2020-04-15 16:31:02,093：INFO-******************************测试案例3匹配结束******************************
2020-04-15 16:31:02,094：INFO-生成测试案例成功
