2020-05-21 11:21:26,989：INFO-获取到ip和端口号的值为：10.83.0.18:8147
2020-05-21 11:21:26,990：INFO-获取接口地址的值为：/tianchuang/api/tc2/creditSmallScore
2020-05-21 11:21:27,015：INFO-******************************测试案例1的状态码200与预期一致
2020-05-21 11:21:27,015：INFO-******************************开始匹配测试案例1******************************
2020-05-21 11:21:27,015：INFO-接口返回的:{"isFee":"0","swiftNo":"fb3e78ff8a96450d848cafc4ff1ac984","code":"10000","message":"参数缺失"}
2020-05-21 11:21:27,016：INFO-接口返回包含预期字段:参数缺失
2020-05-21 11:21:27,016：INFO-******************************测试案例1匹配结束******************************
2020-05-21 11:21:27,016：INFO-******************************测试案例1的code=10000，在预期结果(10000)中
2020-05-21 11:21:27,020：INFO-生成测试案例成功
2020-05-21 11:21:27,041：INFO-获取到ip和端口号的值为：10.83.0.18:8147
2020-05-21 11:21:27,041：INFO-获取接口地址的值为：/tianchuang/api/tc2/creditSmallScore
2020-05-21 11:21:27,064：INFO-******************************测试案例2的状态码200与预期一致
2020-05-21 11:21:27,064：INFO-******************************开始匹配测试案例2******************************
2020-05-21 11:21:27,064：INFO-接口返回的:{"isFee":"0","swiftNo":"e2f7dc08d32247e29652de81b3e9c03d","code":"10000","message":"参数缺失"}
2020-05-21 11:21:27,064：INFO-接口返回包含预期字段:参数缺失
2020-05-21 11:21:27,064：INFO-******************************测试案例2匹配结束******************************
2020-05-21 11:21:27,064：INFO-******************************测试案例2的code=10000，在预期结果(10000)中
2020-05-21 11:21:27,065：INFO-生成测试案例成功
2020-05-21 11:21:27,087：INFO-获取到ip和端口号的值为：10.83.0.18:8147
2020-05-21 11:21:27,087：INFO-获取接口地址的值为：/tianchuang/api/tc2/creditSmallScore
2020-05-21 11:21:27,110：INFO-******************************测试案例3的状态码200与预期一致
2020-05-21 11:21:27,110：INFO-******************************开始匹配测试案例3******************************
2020-05-21 11:21:27,110：INFO-接口返回的:{"isFee":"0","swiftNo":"a54d72569fb941ec9147dd53590fe257","code":"10000","message":"参数缺失"}
2020-05-21 11:21:27,110：INFO-接口返回包含预期字段:参数缺失
2020-05-21 11:21:27,110：INFO-******************************测试案例3匹配结束******************************
2020-05-21 11:21:27,110：INFO-******************************测试案例3的code=10000，在预期结果(10000)中
2020-05-21 11:21:27,110：INFO-生成测试案例成功
2020-05-21 11:21:27,133：INFO-获取到ip和端口号的值为：10.83.0.18:8147
2020-05-21 11:21:27,133：INFO-获取接口地址的值为：/tianchuang/api/tc2/creditSmallScore
2020-05-21 11:21:27,156：INFO-******************************测试案例4的状态码200与预期一致
2020-05-21 11:21:27,156：INFO-******************************开始匹配测试案例4******************************
2020-05-21 11:21:27,156：INFO-接口返回的:{"isFee":"0","swiftNo":"de13f42812a34a1c90c4b33fcec763d0","code":"10000","message":"参数缺失"}
2020-05-21 11:21:27,156：INFO-接口返回包含预期字段:参数缺失
2020-05-21 11:21:27,156：INFO-******************************测试案例4匹配结束******************************
2020-05-21 11:21:27,157：INFO-******************************测试案例4的code=10000，在预期结果(10000)中
2020-05-21 11:21:27,157：INFO-生成测试案例成功
2020-05-21 11:21:27,178：INFO-获取到ip和端口号的值为：10.83.0.18:8147
2020-05-21 11:21:27,179：INFO-获取接口地址的值为：/tianchuang/api/tc2/creditSmallScore
2020-05-21 11:21:27,203：INFO-******************************测试案例5的状态码200与预期一致
2020-05-21 11:21:27,203：INFO-******************************开始匹配测试案例5******************************
2020-05-21 11:21:27,203：INFO-接口返回的:{"isFee":"0","swiftNo":"e944b3eedf72407f95ffaedb76c4c1f7","code":"10000","message":"参数缺失"}
2020-05-21 11:21:27,203：INFO-接口返回包含预期字段:参数缺失
2020-05-21 11:21:27,204：INFO-******************************测试案例5匹配结束******************************
2020-05-21 11:21:27,204：INFO-******************************测试案例5的code=10000，在预期结果(10000)中
2020-05-21 11:21:27,204：INFO-生成测试案例成功
2020-05-21 11:21:27,229：INFO-获取到ip和端口号的值为：10.83.0.18:8147
2020-05-21 11:21:27,229：INFO-获取接口地址的值为：/tianchuang/api/tc2/creditSmallScore
2020-05-21 11:21:27,251：INFO-******************************测试案例6的状态码200与预期一致
2020-05-21 11:21:27,251：INFO-******************************开始匹配测试案例6******************************
2020-05-21 11:21:27,251：INFO-接口返回的:{"isFee":"0","swiftNo":"e068a9c7cde74f8ca708e4b2e5b201ee","code":"10000","message":"参数缺失"}
2020-05-21 11:21:27,251：INFO-接口返回包含预期字段:参数缺失
2020-05-21 11:21:27,252：INFO-******************************测试案例6匹配结束******************************
2020-05-21 11:21:27,252：INFO-******************************测试案例6的code=10000，在预期结果(10000)中
2020-05-21 11:21:27,252：INFO-生成测试案例成功
