2020-05-21 11:43:29,720：INFO-获取到ip和端口号的值为：10.83.0.18:8147
2020-05-21 11:43:29,720：INFO-获取接口地址的值为：/tianchuang/api/tc2/commerceInfo
2020-05-21 11:43:29,747：INFO-******************************测试案例1的状态码200与预期一致
2020-05-21 11:43:29,747：INFO-******************************开始匹配测试案例1******************************
2020-05-21 11:43:29,747：INFO-接口返回的:{"isFee":"0","swiftNo":"983a45a36b21489e895d1c1cf0be39a5","code":"10000","message":"参数缺失"}
2020-05-21 11:43:29,747：INFO-接口返回包含预期字段:参数缺失
2020-05-21 11:43:29,747：INFO-******************************测试案例1匹配结束******************************
2020-05-21 11:43:29,748：INFO-******************************测试案例1的code=10000，在预期结果(10000)中
2020-05-21 11:43:29,751：INFO-生成测试案例成功
2020-05-21 11:43:29,777：INFO-获取到ip和端口号的值为：10.83.0.18:8147
2020-05-21 11:43:29,777：INFO-获取接口地址的值为：/tianchuang/api/tc2/commerceInfo
2020-05-21 11:43:29,800：INFO-******************************测试案例2的状态码200与预期一致
2020-05-21 11:43:29,800：INFO-******************************开始匹配测试案例2******************************
2020-05-21 11:43:29,800：INFO-接口返回的:{"isFee":"0","swiftNo":"12c6308f1e984b30a90398d5d3fb7e5e","code":"10000","message":"参数缺失"}
2020-05-21 11:43:29,800：INFO-接口返回包含预期字段:参数缺失
2020-05-21 11:43:29,800：INFO-******************************测试案例2匹配结束******************************
2020-05-21 11:43:29,800：INFO-******************************测试案例2的code=10000，在预期结果(10000)中
2020-05-21 11:43:29,801：INFO-生成测试案例成功
2020-05-21 11:43:29,824：INFO-获取到ip和端口号的值为：10.83.0.18:8147
2020-05-21 11:43:29,824：INFO-获取接口地址的值为：/tianchuang/api/tc2/commerceInfo
2020-05-21 11:43:29,849：INFO-******************************测试案例3的状态码200与预期一致
2020-05-21 11:43:29,849：INFO-******************************开始匹配测试案例3******************************
2020-05-21 11:43:29,849：INFO-接口返回的:{"isFee":"0","swiftNo":"0a035f7c122f44dbaffe1e99f12e3164","code":"10000","message":"参数缺失"}
2020-05-21 11:43:29,849：INFO-接口返回包含预期字段:参数缺失
2020-05-21 11:43:29,849：INFO-******************************测试案例3匹配结束******************************
2020-05-21 11:43:29,849：INFO-******************************测试案例3的code=10000，在预期结果(10000)中
2020-05-21 11:43:29,850：INFO-生成测试案例成功
2020-05-21 11:43:29,873：INFO-获取到ip和端口号的值为：10.83.0.18:8147
2020-05-21 11:43:29,874：INFO-获取接口地址的值为：/tianchuang/api/tc2/commerceInfo
2020-05-21 11:43:29,896：INFO-******************************测试案例4的状态码200与预期一致
2020-05-21 11:43:29,896：INFO-******************************开始匹配测试案例4******************************
2020-05-21 11:43:29,896：INFO-接口返回的:{"isFee":"0","swiftNo":"3e657ed1b74542568a7613494a02e199","code":"10000","message":"参数缺失"}
2020-05-21 11:43:29,896：INFO-接口返回包含预期字段:参数缺失
2020-05-21 11:43:29,896：INFO-******************************测试案例4匹配结束******************************
2020-05-21 11:43:29,896：INFO-******************************测试案例4的code=10000，在预期结果(10000)中
2020-05-21 11:43:29,896：INFO-生成测试案例成功
2020-05-21 11:43:29,920：INFO-获取到ip和端口号的值为：10.83.0.18:8147
2020-05-21 11:43:29,920：INFO-获取接口地址的值为：/tianchuang/api/tc2/commerceInfo
2020-05-21 11:43:30,173：INFO-******************************测试案例5的状态码200与预期一致
2020-05-21 11:43:30,173：INFO-******************************开始匹配测试案例5******************************
2020-05-21 11:43:30,173：INFO-接口返回的:{"code":"500","isFee":"0","message":"查询失败!","swiftNo":"202004240004"}
2020-05-21 11:43:30,173：ERROR-响应信息中不包含预期字段:参数缺失
2020-05-21 11:43:30,173：INFO-******************************测试案例5匹配结束******************************
2020-05-21 11:43:30,174：ERROR-******************************测试案例5的code=500，不在预期结果(10000)中
2020-05-21 11:43:30,174：INFO-生成测试案例成功
