2020-04-15 17:02:52,441：INFO-获取到ip和端口号的值为：10.83.0.18:8134
2020-04-15 17:02:52,441：INFO-获取接口地址的值为：/csig/api/tencentCloud/queryMobileStuats
2020-04-15 17:02:52,488：INFO-******************************测试案例1的状态码200与预期一致
2020-04-15 17:02:52,490：INFO-******************************开始匹配测试案例1******************************
2020-04-15 17:02:52,490：INFO-接口返回的message:{"isFee":1,"swiftNo":"202004150007","code":"0000","isp":"unicom","responseData":"{\"Description\":\"成功\",\"RequestId\":\"f893bfcf-167d-45df-99aa-60a23fe5809d\",\"StatusCode\":1,\"Result\":\"0\"}","message":"SUCCESS"}
2020-04-15 17:02:52,491：INFO-接口返回包含预期字段:SUCCESS
2020-04-15 17:02:52,491：INFO-******************************测试案例1匹配结束******************************
2020-04-15 17:02:52,492：INFO-******************************开始匹配测试案例1******************************
2020-04-15 17:02:52,492：INFO-接口返回的isFee:{"isFee":1,"swiftNo":"202004150007","code":"0000","isp":"unicom","responseData":"{\"Description\":\"成功\",\"RequestId\":\"f893bfcf-167d-45df-99aa-60a23fe5809d\",\"StatusCode\":1,\"Result\":\"0\"}","message":"SUCCESS"}
2020-04-15 17:02:52,492：ERROR-响应信息中不包含预期字段:1
2020-04-15 17:02:52,493：INFO-******************************测试案例1匹配结束******************************
2020-04-15 17:02:52,495：INFO-******************************开始匹配测试案例1******************************
2020-04-15 17:02:52,495：INFO-接口返回的code:{"isFee":1,"swiftNo":"202004150007","code":"0000","isp":"unicom","responseData":"{\"Description\":\"成功\",\"RequestId\":\"f893bfcf-167d-45df-99aa-60a23fe5809d\",\"StatusCode\":1,\"Result\":\"0\"}","message":"SUCCESS"}
2020-04-15 17:02:52,495：INFO-接口返回包含预期字段:0000
2020-04-15 17:02:52,495：INFO-******************************测试案例1匹配结束******************************
2020-04-15 17:02:52,500：INFO-生成测试案例成功
2020-04-15 17:02:52,586：INFO-******************************测试案例2的状态码200与预期一致
2020-04-15 17:02:52,587：INFO-******************************开始匹配测试案例2******************************
2020-04-15 17:02:52,587：INFO-接口返回的message:{"isFee":1,"swiftNo":"202004150008","code":"0000","isp":"mobile","responseData":"{\"Description\":\"成功\",\"RequestId\":\"f893bfcf-167d-45df-99aa-60a23fe5809d\",\"StatusCode\":1,\"Result\":\"0\"}","message":"SUCCESS"}
2020-04-15 17:02:52,587：INFO-接口返回包含预期字段:SUCCESS
2020-04-15 17:02:52,588：INFO-******************************测试案例2匹配结束******************************
2020-04-15 17:02:52,588：INFO-******************************开始匹配测试案例2******************************
2020-04-15 17:02:52,588：INFO-接口返回的isFee:{"isFee":1,"swiftNo":"202004150008","code":"0000","isp":"mobile","responseData":"{\"Description\":\"成功\",\"RequestId\":\"f893bfcf-167d-45df-99aa-60a23fe5809d\",\"StatusCode\":1,\"Result\":\"0\"}","message":"SUCCESS"}
2020-04-15 17:02:52,589：ERROR-响应信息中不包含预期字段:1
2020-04-15 17:02:52,589：INFO-******************************测试案例2匹配结束******************************
2020-04-15 17:02:52,589：INFO-******************************开始匹配测试案例2******************************
2020-04-15 17:02:52,590：INFO-接口返回的code:{"isFee":1,"swiftNo":"202004150008","code":"0000","isp":"mobile","responseData":"{\"Description\":\"成功\",\"RequestId\":\"f893bfcf-167d-45df-99aa-60a23fe5809d\",\"StatusCode\":1,\"Result\":\"0\"}","message":"SUCCESS"}
2020-04-15 17:02:52,590：INFO-接口返回包含预期字段:0000
2020-04-15 17:02:52,590：INFO-******************************测试案例2匹配结束******************************
2020-04-15 17:02:52,592：INFO-生成测试案例成功
2020-04-15 17:02:52,650：INFO-******************************测试案例3的状态码200与预期一致
2020-04-15 17:02:52,651：INFO-******************************开始匹配测试案例3******************************
2020-04-15 17:02:52,652：INFO-接口返回的message:{"isFee":1,"swiftNo":"202004150009","code":"0000","isp":"telecom","responseData":"{\"Description\":\"成功\",\"RequestId\":\"f893bfcf-167d-45df-99aa-60a23fe5809d\",\"StatusCode\":1,\"Result\":\"0\"}","message":"SUCCESS"}
2020-04-15 17:02:52,653：INFO-接口返回包含预期字段:SUCCESS
2020-04-15 17:02:52,653：INFO-******************************测试案例3匹配结束******************************
2020-04-15 17:02:52,654：INFO-******************************开始匹配测试案例3******************************
2020-04-15 17:02:52,654：INFO-接口返回的isFee:{"isFee":1,"swiftNo":"202004150009","code":"0000","isp":"telecom","responseData":"{\"Description\":\"成功\",\"RequestId\":\"f893bfcf-167d-45df-99aa-60a23fe5809d\",\"StatusCode\":1,\"Result\":\"0\"}","message":"SUCCESS"}
2020-04-15 17:02:52,654：ERROR-响应信息中不包含预期字段:1
2020-04-15 17:02:52,654：INFO-******************************测试案例3匹配结束******************************
2020-04-15 17:02:52,655：INFO-******************************开始匹配测试案例3******************************
2020-04-15 17:02:52,655：INFO-接口返回的code:{"isFee":1,"swiftNo":"202004150009","code":"0000","isp":"telecom","responseData":"{\"Description\":\"成功\",\"RequestId\":\"f893bfcf-167d-45df-99aa-60a23fe5809d\",\"StatusCode\":1,\"Result\":\"0\"}","message":"SUCCESS"}
2020-04-15 17:02:52,655：INFO-接口返回包含预期字段:0000
2020-04-15 17:02:52,655：INFO-******************************测试案例3匹配结束******************************
2020-04-15 17:02:52,656：INFO-生成测试案例成功
