2020-05-20 09:52:16,782：INFO-获取到ip和端口号的值为：10.83.0.18:8143
2020-05-20 09:52:16,783：INFO-获取接口地址的值为：/auroradivisor/api/auroraV5
2020-05-20 09:52:16,810：INFO-******************************测试案例1的状态码200与预期一致
2020-05-20 09:52:16,810：INFO-******************************开始匹配测试案例1******************************
2020-05-20 09:52:16,811：INFO-接口返回的:{"msg":"流水号不能为空","code":"210"}
2020-05-20 09:52:16,811：INFO-接口返回包含预期字段:不能为空
2020-05-20 09:52:16,811：INFO-******************************测试案例1匹配结束******************************
2020-05-20 09:52:16,811：INFO-******************************测试案例1的code=210，在预期结果(210)中
2020-05-20 09:52:16,815：INFO-生成测试案例成功
2020-05-20 09:52:16,834：INFO-获取到ip和端口号的值为：10.83.0.18:8143
2020-05-20 09:52:16,834：INFO-获取接口地址的值为：/auroradivisor/api/auroraV5
2020-05-20 09:52:16,859：INFO-******************************测试案例2的状态码200与预期一致
2020-05-20 09:52:16,859：INFO-******************************开始匹配测试案例2******************************
2020-05-20 09:52:16,859：INFO-接口返回的:{"msg":"系统通道不能为空","code":"210"}
2020-05-20 09:52:16,859：INFO-接口返回包含预期字段:不能为空
2020-05-20 09:52:16,859：INFO-******************************测试案例2匹配结束******************************
2020-05-20 09:52:16,860：INFO-******************************测试案例2的code=210，在预期结果(210)中
2020-05-20 09:52:16,860：INFO-生成测试案例成功
2020-05-20 09:52:16,882：INFO-获取到ip和端口号的值为：10.83.0.18:8143
2020-05-20 09:52:16,882：INFO-获取接口地址的值为：/auroradivisor/api/auroraV5
2020-05-20 09:52:16,906：INFO-******************************测试案例3的状态码200与预期一致
2020-05-20 09:52:16,906：INFO-******************************开始匹配测试案例3******************************
2020-05-20 09:52:16,906：INFO-接口返回的:{"msg":"项目名称不能为空","code":"210"}
2020-05-20 09:52:16,906：INFO-接口返回包含预期字段:不能为空
2020-05-20 09:52:16,907：INFO-******************************测试案例3匹配结束******************************
2020-05-20 09:52:16,907：INFO-******************************测试案例3的code=210，在预期结果(210)中
2020-05-20 09:52:16,907：INFO-生成测试案例成功
2020-05-20 09:52:16,928：INFO-获取到ip和端口号的值为：10.83.0.18:8143
2020-05-20 09:52:16,928：INFO-获取接口地址的值为：/auroradivisor/api/auroraV5
2020-05-20 09:52:16,952：INFO-******************************测试案例4的状态码200与预期一致
2020-05-20 09:52:16,953：INFO-******************************开始匹配测试案例4******************************
2020-05-20 09:52:16,953：INFO-接口返回的:{"msg":"phone和phone_md5至少提供一个","code":"210"}
2020-05-20 09:52:16,953：ERROR-响应信息中不包含预期字段:不能为空
2020-05-20 09:52:16,953：INFO-******************************测试案例4匹配结束******************************
2020-05-20 09:52:16,953：INFO-******************************测试案例4的code=210，在预期结果(210)中
2020-05-20 09:52:16,953：INFO-生成测试案例成功
2020-05-20 09:52:16,975：INFO-获取到ip和端口号的值为：10.83.0.18:8143
2020-05-20 09:52:16,975：INFO-获取接口地址的值为：/auroradivisor/api/auroraV5
2020-05-20 09:52:16,999：INFO-******************************测试案例5的状态码200与预期一致
2020-05-20 09:52:17,000：INFO-******************************开始匹配测试案例5******************************
2020-05-20 09:52:17,000：INFO-接口返回的:{"msg":"phone和phone_md5至少提供一个","code":"210"}
2020-05-20 09:52:17,000：ERROR-响应信息中不包含预期字段:不能为空
2020-05-20 09:52:17,000：INFO-******************************测试案例5匹配结束******************************
2020-05-20 09:52:17,000：INFO-******************************测试案例5的code=210，在预期结果(210)中
2020-05-20 09:52:17,000：INFO-生成测试案例成功
2020-05-20 09:52:17,023：INFO-获取到ip和端口号的值为：10.83.0.18:8143
2020-05-20 09:52:17,023：INFO-获取接口地址的值为：/auroradivisor/api/auroraV5
2020-05-20 09:52:17,199：INFO-******************************测试案例6的状态码200与预期一致
2020-05-20 09:52:17,199：INFO-******************************开始匹配测试案例6******************************
2020-05-20 09:52:17,199：INFO-接口返回的:{"msg":"用户姓名不能为空","req_id":"001e25463afee551","isFee":"0","swiftNo":"202005200005","code":"4000","data":""}
2020-05-20 09:52:17,199：INFO-接口返回包含预期字段:不能为空
2020-05-20 09:52:17,199：INFO-******************************测试案例6匹配结束******************************
2020-05-20 09:52:17,200：ERROR-******************************测试案例6的code=4000，不在预期结果(210)中
2020-05-20 09:52:17,200：INFO-生成测试案例成功
2020-05-20 09:52:17,223：INFO-获取到ip和端口号的值为：10.83.0.18:8143
2020-05-20 09:52:17,223：INFO-获取接口地址的值为：/auroradivisor/api/auroraV5
2020-05-20 09:52:17,305：INFO-******************************测试案例7的状态码200与预期一致
2020-05-20 09:52:17,305：INFO-******************************开始匹配测试案例7******************************
2020-05-20 09:52:17,306：INFO-接口返回的:{"msg":"用户姓名不能为空","req_id":"109099e6ef821bc7","isFee":"0","swiftNo":"202005200006","code":"4000","data":""}
2020-05-20 09:52:17,306：INFO-接口返回包含预期字段:不能为空
2020-05-20 09:52:17,306：INFO-******************************测试案例7匹配结束******************************
2020-05-20 09:52:17,306：ERROR-******************************测试案例7的code=4000，不在预期结果(210)中
2020-05-20 09:52:17,306：INFO-生成测试案例成功
2020-05-20 09:52:17,329：INFO-获取到ip和端口号的值为：10.83.0.18:8143
2020-05-20 09:52:17,330：INFO-获取接口地址的值为：/auroradivisor/api/auroraV5
2020-05-20 09:52:17,407：INFO-******************************测试案例8的状态码200与预期一致
2020-05-20 09:52:17,407：INFO-******************************开始匹配测试案例8******************************
2020-05-20 09:52:17,407：INFO-接口返回的:{"msg":"身份证号不能为空","req_id":"560cdd011e0b7407","isFee":"0","swiftNo":"202005200007","code":"4000","data":""}
2020-05-20 09:52:17,407：INFO-接口返回包含预期字段:不能为空
2020-05-20 09:52:17,407：INFO-******************************测试案例8匹配结束******************************
2020-05-20 09:52:17,407：ERROR-******************************测试案例8的code=4000，不在预期结果(210)中
2020-05-20 09:52:17,407：INFO-生成测试案例成功
2020-05-20 09:52:17,430：INFO-获取到ip和端口号的值为：10.83.0.18:8143
2020-05-20 09:52:17,431：INFO-获取接口地址的值为：/auroradivisor/api/auroraV5
2020-05-20 09:52:17,520：INFO-******************************测试案例9的状态码200与预期一致
2020-05-20 09:52:17,520：INFO-******************************开始匹配测试案例9******************************
2020-05-20 09:52:17,520：INFO-接口返回的:{"msg":"身份证号不能为空","req_id":"22c7e6d49f4025f5","isFee":"0","swiftNo":"202005200008","code":"4000","data":""}
2020-05-20 09:52:17,520：INFO-接口返回包含预期字段:不能为空
2020-05-20 09:52:17,520：INFO-******************************测试案例9匹配结束******************************
2020-05-20 09:52:17,520：ERROR-******************************测试案例9的code=4000，不在预期结果(210)中
2020-05-20 09:52:17,521：INFO-生成测试案例成功
