2020-05-21 11:06:09,376：INFO-获取到ip和端口号的值为：10.83.0.18:8147
2020-05-21 11:06:09,377：INFO-获取接口地址的值为：/tianchuang/api/tc2/microfinanceScore
2020-05-21 11:06:09,402：INFO-******************************测试案例1的状态码200与预期一致
2020-05-21 11:06:09,402：INFO-******************************开始匹配测试案例1******************************
2020-05-21 11:06:09,402：INFO-接口返回的:{"isFee":"0","swiftNo":"c0109eff2b354876afd70ca17fa89ca5","code":"10000","message":"参数缺失"}
2020-05-21 11:06:09,402：INFO-接口返回包含预期字段:参数缺失
2020-05-21 11:06:09,402：INFO-******************************测试案例1匹配结束******************************
2020-05-21 11:06:09,403：INFO-******************************测试案例1的code=10000，在预期结果(10000)中
2020-05-21 11:06:09,406：INFO-生成测试案例成功
2020-05-21 11:06:09,435：INFO-获取到ip和端口号的值为：10.83.0.18:8147
2020-05-21 11:06:09,435：INFO-获取接口地址的值为：/tianchuang/api/tc2/microfinanceScore
2020-05-21 11:06:09,460：INFO-******************************测试案例2的状态码200与预期一致
2020-05-21 11:06:09,460：INFO-******************************开始匹配测试案例2******************************
2020-05-21 11:06:09,460：INFO-接口返回的:{"isFee":"0","swiftNo":"39adf64eaef5469d8558c10daf735e12","code":"10000","message":"参数缺失"}
2020-05-21 11:06:09,460：INFO-接口返回包含预期字段:参数缺失
2020-05-21 11:06:09,460：INFO-******************************测试案例2匹配结束******************************
2020-05-21 11:06:09,460：INFO-******************************测试案例2的code=10000，在预期结果(10000)中
2020-05-21 11:06:09,461：INFO-生成测试案例成功
2020-05-21 11:06:09,484：INFO-获取到ip和端口号的值为：10.83.0.18:8147
2020-05-21 11:06:09,485：INFO-获取接口地址的值为：/tianchuang/api/tc2/microfinanceScore
2020-05-21 11:06:09,508：INFO-******************************测试案例3的状态码200与预期一致
2020-05-21 11:06:09,509：INFO-******************************开始匹配测试案例3******************************
2020-05-21 11:06:09,509：INFO-接口返回的:{"isFee":"0","swiftNo":"76e3e6c354b74866993bd4d4d7f072d2","code":"10000","message":"参数缺失"}
2020-05-21 11:06:09,509：INFO-接口返回包含预期字段:参数缺失
2020-05-21 11:06:09,509：INFO-******************************测试案例3匹配结束******************************
2020-05-21 11:06:09,509：INFO-******************************测试案例3的code=10000，在预期结果(10000)中
2020-05-21 11:06:09,509：INFO-生成测试案例成功
2020-05-21 11:06:09,535：INFO-获取到ip和端口号的值为：10.83.0.18:8147
2020-05-21 11:06:09,535：INFO-获取接口地址的值为：/tianchuang/api/tc2/microfinanceScore
2020-05-21 11:06:09,557：INFO-******************************测试案例4的状态码200与预期一致
2020-05-21 11:06:09,557：INFO-******************************开始匹配测试案例4******************************
2020-05-21 11:06:09,558：INFO-接口返回的:{"isFee":"0","swiftNo":"f16f65c630de427bad672dccbffba8e9","code":"10000","message":"参数缺失"}
2020-05-21 11:06:09,558：INFO-接口返回包含预期字段:参数缺失
2020-05-21 11:06:09,558：INFO-******************************测试案例4匹配结束******************************
2020-05-21 11:06:09,558：INFO-******************************测试案例4的code=10000，在预期结果(10000)中
2020-05-21 11:06:09,558：INFO-生成测试案例成功
2020-05-21 11:06:09,583：INFO-获取到ip和端口号的值为：10.83.0.18:8147
2020-05-21 11:06:09,583：INFO-获取接口地址的值为：/tianchuang/api/tc2/microfinanceScore
2020-05-21 11:06:09,606：INFO-******************************测试案例5的状态码200与预期一致
2020-05-21 11:06:09,606：INFO-******************************开始匹配测试案例5******************************
2020-05-21 11:06:09,607：INFO-接口返回的:{"isFee":"0","swiftNo":"f1cb474e5ea24f4ba85252055fa1ba52","code":"10000","message":"参数缺失"}
2020-05-21 11:06:09,607：INFO-接口返回包含预期字段:参数缺失
2020-05-21 11:06:09,607：INFO-******************************测试案例5匹配结束******************************
2020-05-21 11:06:09,607：INFO-******************************测试案例5的code=10000，在预期结果(10000)中
2020-05-21 11:06:09,607：INFO-生成测试案例成功
2020-05-21 11:06:09,637：INFO-获取到ip和端口号的值为：10.83.0.18:8147
2020-05-21 11:06:09,637：INFO-获取接口地址的值为：/tianchuang/api/tc2/microfinanceScore
2020-05-21 11:06:09,661：INFO-******************************测试案例6的状态码200与预期一致
2020-05-21 11:06:09,661：INFO-******************************开始匹配测试案例6******************************
2020-05-21 11:06:09,662：INFO-接口返回的:{"isFee":"0","swiftNo":"c7eebf6e7d09437785a7d26ad1fbeed4","code":"10000","message":"参数缺失"}
2020-05-21 11:06:09,662：INFO-接口返回包含预期字段:参数缺失
2020-05-21 11:06:09,662：INFO-******************************测试案例6匹配结束******************************
2020-05-21 11:06:09,662：INFO-******************************测试案例6的code=10000，在预期结果(10000)中
2020-05-21 11:06:09,662：INFO-生成测试案例成功
