2020-04-26 14:12:53,262：INFO-获取到ip和端口号的值为：10.83.0.18:8084
2020-04-26 14:12:53,263：INFO-获取接口地址的值为：/tianchuang/api/sinan/creditProbeStar
2020-04-26 14:12:53,292：INFO-******************************测试案例1的状态码200与预期一致
2020-04-26 14:12:53,292：INFO-******************************开始匹配测试案例1******************************
2020-04-26 14:12:53,292：INFO-接口返回的:{"code":"10000","message":"参数缺失"}
2020-04-26 14:12:53,293：INFO-接口返回包含预期字段:参数缺失
2020-04-26 14:12:53,293：INFO-******************************测试案例1匹配结束******************************
2020-04-26 14:12:53,293：INFO-******************************测试案例1的code=10000，在预期结果(10000)中
2020-04-26 14:12:53,297：INFO-生成测试案例成功
2020-04-26 14:12:53,320：INFO-获取到ip和端口号的值为：10.83.0.18:8084
2020-04-26 14:12:53,320：INFO-获取接口地址的值为：/tianchuang/api/sinan/creditProbeStar
2020-04-26 14:12:53,348：INFO-******************************测试案例2的状态码200与预期一致
2020-04-26 14:12:53,348：INFO-******************************开始匹配测试案例2******************************
2020-04-26 14:12:53,349：INFO-接口返回的:{"code":"10000","message":"参数缺失"}
2020-04-26 14:12:53,349：INFO-接口返回包含预期字段:参数缺失
2020-04-26 14:12:53,350：INFO-******************************测试案例2匹配结束******************************
2020-04-26 14:12:53,350：INFO-******************************测试案例2的code=10000，在预期结果(10000)中
2020-04-26 14:12:53,352：INFO-生成测试案例成功
2020-04-26 14:12:53,377：INFO-获取到ip和端口号的值为：10.83.0.18:8084
2020-04-26 14:12:53,377：INFO-获取接口地址的值为：/tianchuang/api/sinan/creditProbeStar
2020-04-26 14:12:53,402：INFO-******************************测试案例3的状态码200与预期一致
2020-04-26 14:12:53,403：INFO-******************************开始匹配测试案例3******************************
2020-04-26 14:12:53,403：INFO-接口返回的:{"code":"10000","message":"参数缺失"}
2020-04-26 14:12:53,403：INFO-接口返回包含预期字段:参数缺失
2020-04-26 14:12:53,403：INFO-******************************测试案例3匹配结束******************************
2020-04-26 14:12:53,403：INFO-******************************测试案例3的code=10000，在预期结果(10000)中
2020-04-26 14:12:53,404：INFO-生成测试案例成功
2020-04-26 14:12:53,428：INFO-获取到ip和端口号的值为：10.83.0.18:8084
2020-04-26 14:12:53,428：INFO-获取接口地址的值为：/tianchuang/api/sinan/creditProbeStar
2020-04-26 14:12:53,452：INFO-******************************测试案例4的状态码200与预期一致
2020-04-26 14:12:53,452：INFO-******************************开始匹配测试案例4******************************
2020-04-26 14:12:53,452：INFO-接口返回的:{"code":"10000","message":"参数缺失"}
2020-04-26 14:12:53,452：INFO-接口返回包含预期字段:参数缺失
2020-04-26 14:12:53,452：INFO-******************************测试案例4匹配结束******************************
2020-04-26 14:12:53,452：INFO-******************************测试案例4的code=10000，在预期结果(10000)中
2020-04-26 14:12:53,453：INFO-生成测试案例成功
2020-04-26 14:12:53,477：INFO-获取到ip和端口号的值为：10.83.0.18:8084
2020-04-26 14:12:53,477：INFO-获取接口地址的值为：/tianchuang/api/sinan/creditProbeStar
2020-04-26 14:12:53,503：INFO-******************************测试案例5的状态码200与预期一致
2020-04-26 14:12:53,504：INFO-******************************开始匹配测试案例5******************************
2020-04-26 14:12:53,504：INFO-接口返回的:{"code":"10000","message":"参数缺失"}
2020-04-26 14:12:53,504：INFO-接口返回包含预期字段:参数缺失
2020-04-26 14:12:53,504：INFO-******************************测试案例5匹配结束******************************
2020-04-26 14:12:53,504：INFO-******************************测试案例5的code=10000，在预期结果(10000)中
2020-04-26 14:12:53,504：INFO-生成测试案例成功
