2020-05-20 10:00:41,051：INFO-获取到ip和端口号的值为：10.83.0.132:8143
2020-05-20 10:00:41,051：INFO-获取接口地址的值为：/auroradivisor/api/auroraV5
2020-05-20 10:00:41,075：INFO-******************************测试案例1的状态码200与预期一致
2020-05-20 10:00:41,076：INFO-******************************开始匹配测试案例1******************************
2020-05-20 10:00:41,076：INFO-接口返回的:{"msg":"流水号不能为空","code":"210"}
2020-05-20 10:00:41,076：INFO-接口返回包含预期字段:不能为空
2020-05-20 10:00:41,076：INFO-******************************测试案例1匹配结束******************************
2020-05-20 10:00:41,076：INFO-******************************测试案例1的code=210，在预期结果(210)中
2020-05-20 10:00:41,080：INFO-生成测试案例成功
2020-05-20 10:00:41,101：INFO-获取到ip和端口号的值为：10.83.0.132:8143
2020-05-20 10:00:41,101：INFO-获取接口地址的值为：/auroradivisor/api/auroraV5
2020-05-20 10:00:41,123：INFO-******************************测试案例2的状态码200与预期一致
2020-05-20 10:00:41,123：INFO-******************************开始匹配测试案例2******************************
2020-05-20 10:00:41,123：INFO-接口返回的:{"msg":"系统通道不能为空","code":"210"}
2020-05-20 10:00:41,124：INFO-接口返回包含预期字段:不能为空
2020-05-20 10:00:41,124：INFO-******************************测试案例2匹配结束******************************
2020-05-20 10:00:41,124：INFO-******************************测试案例2的code=210，在预期结果(210)中
2020-05-20 10:00:41,125：INFO-生成测试案例成功
2020-05-20 10:00:41,159：INFO-获取到ip和端口号的值为：10.83.0.132:8143
2020-05-20 10:00:41,159：INFO-获取接口地址的值为：/auroradivisor/api/auroraV5
2020-05-20 10:00:41,182：INFO-******************************测试案例3的状态码200与预期一致
2020-05-20 10:00:41,182：INFO-******************************开始匹配测试案例3******************************
2020-05-20 10:00:41,183：INFO-接口返回的:{"msg":"项目名称不能为空","code":"210"}
2020-05-20 10:00:41,183：INFO-接口返回包含预期字段:不能为空
2020-05-20 10:00:41,183：INFO-******************************测试案例3匹配结束******************************
2020-05-20 10:00:41,183：INFO-******************************测试案例3的code=210，在预期结果(210)中
2020-05-20 10:00:41,183：INFO-生成测试案例成功
2020-05-20 10:00:41,206：INFO-获取到ip和端口号的值为：10.83.0.132:8143
2020-05-20 10:00:41,206：INFO-获取接口地址的值为：/auroradivisor/api/auroraV5
2020-05-20 10:00:41,226：INFO-******************************测试案例4的状态码200与预期一致
2020-05-20 10:00:41,227：INFO-******************************开始匹配测试案例4******************************
2020-05-20 10:00:41,227：INFO-接口返回的:{"msg":"phone和phone_md5至少提供一个","code":"210"}
2020-05-20 10:00:41,227：ERROR-响应信息中不包含预期字段:不能为空
2020-05-20 10:00:41,227：INFO-******************************测试案例4匹配结束******************************
2020-05-20 10:00:41,228：INFO-******************************测试案例4的code=210，在预期结果(210)中
2020-05-20 10:00:41,228：INFO-生成测试案例成功
2020-05-20 10:00:41,257：INFO-获取到ip和端口号的值为：10.83.0.132:8143
2020-05-20 10:00:41,257：INFO-获取接口地址的值为：/auroradivisor/api/auroraV5
2020-05-20 10:00:41,279：INFO-******************************测试案例5的状态码200与预期一致
2020-05-20 10:00:41,279：INFO-******************************开始匹配测试案例5******************************
2020-05-20 10:00:41,279：INFO-接口返回的:{"msg":"phone和phone_md5至少提供一个","code":"210"}
2020-05-20 10:00:41,279：ERROR-响应信息中不包含预期字段:不能为空
2020-05-20 10:00:41,279：INFO-******************************测试案例5匹配结束******************************
2020-05-20 10:00:41,280：INFO-******************************测试案例5的code=210，在预期结果(210)中
2020-05-20 10:00:41,280：INFO-生成测试案例成功
2020-05-20 10:00:41,302：INFO-获取到ip和端口号的值为：10.83.0.132:8143
2020-05-20 10:00:41,302：INFO-获取接口地址的值为：/auroradivisor/api/auroraV5
2020-05-20 10:00:41,468：INFO-******************************测试案例6的状态码200与预期一致
2020-05-20 10:00:41,468：INFO-******************************开始匹配测试案例6******************************
2020-05-20 10:00:41,468：INFO-接口返回的:{"msg":"用户姓名不能为空","req_id":"3a40e53152d54285","isFee":"0","swiftNo":"202005200005","code":"4000","data":""}
2020-05-20 10:00:41,468：INFO-接口返回包含预期字段:不能为空
2020-05-20 10:00:41,468：INFO-******************************测试案例6匹配结束******************************
2020-05-20 10:00:41,468：ERROR-******************************测试案例6的code=4000，不在预期结果(210)中
2020-05-20 10:00:41,469：INFO-生成测试案例成功
2020-05-20 10:00:41,492：INFO-获取到ip和端口号的值为：10.83.0.132:8143
2020-05-20 10:00:41,492：INFO-获取接口地址的值为：/auroradivisor/api/auroraV5
2020-05-20 10:00:41,573：INFO-******************************测试案例7的状态码200与预期一致
2020-05-20 10:00:41,573：INFO-******************************开始匹配测试案例7******************************
2020-05-20 10:00:41,573：INFO-接口返回的:{"msg":"用户姓名不能为空","req_id":"50abde0f1d43a42a","isFee":"0","swiftNo":"202005200006","code":"4000","data":""}
2020-05-20 10:00:41,573：INFO-接口返回包含预期字段:不能为空
2020-05-20 10:00:41,573：INFO-******************************测试案例7匹配结束******************************
2020-05-20 10:00:41,573：ERROR-******************************测试案例7的code=4000，不在预期结果(210)中
2020-05-20 10:00:41,574：INFO-生成测试案例成功
2020-05-20 10:00:41,599：INFO-获取到ip和端口号的值为：10.83.0.132:8143
2020-05-20 10:00:41,599：INFO-获取接口地址的值为：/auroradivisor/api/auroraV5
2020-05-20 10:00:41,677：INFO-******************************测试案例8的状态码200与预期一致
2020-05-20 10:00:41,678：INFO-******************************开始匹配测试案例8******************************
2020-05-20 10:00:41,678：INFO-接口返回的:{"msg":"身份证号不能为空","req_id":"db0685e57b444512","isFee":"0","swiftNo":"202005200007","code":"4000","data":""}
2020-05-20 10:00:41,678：INFO-接口返回包含预期字段:不能为空
2020-05-20 10:00:41,678：INFO-******************************测试案例8匹配结束******************************
2020-05-20 10:00:41,678：ERROR-******************************测试案例8的code=4000，不在预期结果(210)中
2020-05-20 10:00:41,678：INFO-生成测试案例成功
2020-05-20 10:00:41,703：INFO-获取到ip和端口号的值为：10.83.0.132:8143
2020-05-20 10:00:41,703：INFO-获取接口地址的值为：/auroradivisor/api/auroraV5
2020-05-20 10:00:41,786：INFO-******************************测试案例9的状态码200与预期一致
2020-05-20 10:00:41,786：INFO-******************************开始匹配测试案例9******************************
2020-05-20 10:00:41,786：INFO-接口返回的:{"msg":"身份证号不能为空","req_id":"f4da9eb6250fdc89","isFee":"0","swiftNo":"202005200008","code":"4000","data":""}
2020-05-20 10:00:41,786：INFO-接口返回包含预期字段:不能为空
2020-05-20 10:00:41,786：INFO-******************************测试案例9匹配结束******************************
2020-05-20 10:00:41,787：ERROR-******************************测试案例9的code=4000，不在预期结果(210)中
2020-05-20 10:00:41,787：INFO-生成测试案例成功
