2020-05-21 11:28:07,055：INFO-获取到ip和端口号的值为：10.83.0.18:8147
2020-05-21 11:28:07,056：INFO-获取接口地址的值为：/tianchuang/api/tc2/creditMiddleBigScore
2020-05-21 11:28:07,084：INFO-******************************测试案例1的状态码200与预期一致
2020-05-21 11:28:07,084：INFO-******************************开始匹配测试案例1******************************
2020-05-21 11:28:07,084：INFO-接口返回的:{"isFee":"0","swiftNo":"187348c642734432b1d05e219f6efdc0","code":"10000","message":"参数缺失"}
2020-05-21 11:28:07,084：INFO-接口返回包含预期字段:参数缺失
2020-05-21 11:28:07,084：INFO-******************************测试案例1匹配结束******************************
2020-05-21 11:28:07,085：INFO-******************************测试案例1的code=10000，在预期结果(10000)中
2020-05-21 11:28:07,089：INFO-生成测试案例成功
2020-05-21 11:28:07,112：INFO-获取到ip和端口号的值为：10.83.0.18:8147
2020-05-21 11:28:07,112：INFO-获取接口地址的值为：/tianchuang/api/tc2/creditMiddleBigScore
2020-05-21 11:28:07,136：INFO-******************************测试案例2的状态码200与预期一致
2020-05-21 11:28:07,136：INFO-******************************开始匹配测试案例2******************************
2020-05-21 11:28:07,137：INFO-接口返回的:{"isFee":"0","swiftNo":"be24f25a7af64c46b323f8d1d9ffa785","code":"10000","message":"参数缺失"}
2020-05-21 11:28:07,137：INFO-接口返回包含预期字段:参数缺失
2020-05-21 11:28:07,137：INFO-******************************测试案例2匹配结束******************************
2020-05-21 11:28:07,137：INFO-******************************测试案例2的code=10000，在预期结果(10000)中
2020-05-21 11:28:07,137：INFO-生成测试案例成功
2020-05-21 11:28:07,161：INFO-获取到ip和端口号的值为：10.83.0.18:8147
2020-05-21 11:28:07,161：INFO-获取接口地址的值为：/tianchuang/api/tc2/creditMiddleBigScore
2020-05-21 11:28:07,186：INFO-******************************测试案例3的状态码200与预期一致
2020-05-21 11:28:07,186：INFO-******************************开始匹配测试案例3******************************
2020-05-21 11:28:07,186：INFO-接口返回的:{"isFee":"0","swiftNo":"a284dbb3486f4966ac9c3373ba535af6","code":"10000","message":"参数缺失"}
2020-05-21 11:28:07,186：INFO-接口返回包含预期字段:参数缺失
2020-05-21 11:28:07,186：INFO-******************************测试案例3匹配结束******************************
2020-05-21 11:28:07,186：INFO-******************************测试案例3的code=10000，在预期结果(10000)中
2020-05-21 11:28:07,186：INFO-生成测试案例成功
2020-05-21 11:28:07,211：INFO-获取到ip和端口号的值为：10.83.0.18:8147
2020-05-21 11:28:07,211：INFO-获取接口地址的值为：/tianchuang/api/tc2/creditMiddleBigScore
2020-05-21 11:28:07,234：INFO-******************************测试案例4的状态码200与预期一致
2020-05-21 11:28:07,235：INFO-******************************开始匹配测试案例4******************************
2020-05-21 11:28:07,235：INFO-接口返回的:{"isFee":"0","swiftNo":"ab93aba24a3b48cb9355cd812864de81","code":"10000","message":"参数缺失"}
2020-05-21 11:28:07,235：INFO-接口返回包含预期字段:参数缺失
2020-05-21 11:28:07,235：INFO-******************************测试案例4匹配结束******************************
2020-05-21 11:28:07,235：INFO-******************************测试案例4的code=10000，在预期结果(10000)中
2020-05-21 11:28:07,235：INFO-生成测试案例成功
2020-05-21 11:28:07,259：INFO-获取到ip和端口号的值为：10.83.0.18:8147
2020-05-21 11:28:07,259：INFO-获取接口地址的值为：/tianchuang/api/tc2/creditMiddleBigScore
2020-05-21 11:28:07,281：INFO-******************************测试案例5的状态码200与预期一致
2020-05-21 11:28:07,282：INFO-******************************开始匹配测试案例5******************************
2020-05-21 11:28:07,282：INFO-接口返回的:{"isFee":"0","swiftNo":"a8e9dd9c1cfe48c58430319e96f05e74","code":"10000","message":"参数缺失"}
2020-05-21 11:28:07,282：INFO-接口返回包含预期字段:参数缺失
2020-05-21 11:28:07,282：INFO-******************************测试案例5匹配结束******************************
2020-05-21 11:28:07,282：INFO-******************************测试案例5的code=10000，在预期结果(10000)中
2020-05-21 11:28:07,282：INFO-生成测试案例成功
2020-05-21 11:28:07,305：INFO-获取到ip和端口号的值为：10.83.0.18:8147
2020-05-21 11:28:07,306：INFO-获取接口地址的值为：/tianchuang/api/tc2/creditMiddleBigScore
2020-05-21 11:28:07,330：INFO-******************************测试案例6的状态码200与预期一致
2020-05-21 11:28:07,330：INFO-******************************开始匹配测试案例6******************************
2020-05-21 11:28:07,330：INFO-接口返回的:{"isFee":"0","swiftNo":"08bbffd916b042ed9f3df2c6fd6907ab","code":"10000","message":"参数缺失"}
2020-05-21 11:28:07,330：INFO-接口返回包含预期字段:参数缺失
2020-05-21 11:28:07,330：INFO-******************************测试案例6匹配结束******************************
2020-05-21 11:28:07,330：INFO-******************************测试案例6的code=10000，在预期结果(10000)中
2020-05-21 11:28:07,330：INFO-生成测试案例成功
