2020-05-21 17:35:54,120：INFO-获取到ip和端口号的值为：10.83.0.18:8147
2020-05-21 17:35:54,120：INFO-获取接口地址的值为：/tianchuang/api/tc2/commerceInfo
2020-05-21 17:35:54,147：INFO-******************************测试案例1的状态码200与预期一致
2020-05-21 17:35:54,147：INFO-******************************开始匹配测试案例1******************************
2020-05-21 17:35:54,147：INFO-接口返回的:{"isFee":"0","swiftNo":"771c7980dbdf46608f53497f97d4f2e3","code":"10000","message":"参数缺失"}
2020-05-21 17:35:54,147：INFO-接口返回包含预期字段:参数缺失
2020-05-21 17:35:54,147：INFO-******************************测试案例1匹配结束******************************
2020-05-21 17:35:54,148：INFO-******************************测试案例1的code=10000，在预期结果(10000)中
2020-05-21 17:35:54,151：INFO-生成测试案例成功
2020-05-21 17:35:54,172：INFO-获取到ip和端口号的值为：10.83.0.18:8147
2020-05-21 17:35:54,173：INFO-获取接口地址的值为：/tianchuang/api/tc2/commerceInfo
2020-05-21 17:35:54,197：INFO-******************************测试案例2的状态码200与预期一致
2020-05-21 17:35:54,197：INFO-******************************开始匹配测试案例2******************************
2020-05-21 17:35:54,197：INFO-接口返回的:{"isFee":"0","swiftNo":"4be98a4a77054ce292a444c8e9f88346","code":"10000","message":"参数缺失"}
2020-05-21 17:35:54,197：INFO-接口返回包含预期字段:参数缺失
2020-05-21 17:35:54,197：INFO-******************************测试案例2匹配结束******************************
2020-05-21 17:35:54,197：INFO-******************************测试案例2的code=10000，在预期结果(10000)中
2020-05-21 17:35:54,198：INFO-生成测试案例成功
2020-05-21 17:35:54,222：INFO-获取到ip和端口号的值为：10.83.0.18:8147
2020-05-21 17:35:54,222：INFO-获取接口地址的值为：/tianchuang/api/tc2/commerceInfo
2020-05-21 17:35:54,247：INFO-******************************测试案例3的状态码200与预期一致
2020-05-21 17:35:54,247：INFO-******************************开始匹配测试案例3******************************
2020-05-21 17:35:54,247：INFO-接口返回的:{"isFee":"0","swiftNo":"2da30db4a0d54eb8905e2f21f1ce860d","code":"10000","message":"参数缺失"}
2020-05-21 17:35:54,247：INFO-接口返回包含预期字段:参数缺失
2020-05-21 17:35:54,248：INFO-******************************测试案例3匹配结束******************************
2020-05-21 17:35:54,248：INFO-******************************测试案例3的code=10000，在预期结果(10000)中
2020-05-21 17:35:54,248：INFO-生成测试案例成功
2020-05-21 17:35:54,270：INFO-获取到ip和端口号的值为：10.83.0.18:8147
2020-05-21 17:35:54,270：INFO-获取接口地址的值为：/tianchuang/api/tc2/commerceInfo
2020-05-21 17:35:54,295：INFO-******************************测试案例4的状态码200与预期一致
2020-05-21 17:35:54,295：INFO-******************************开始匹配测试案例4******************************
2020-05-21 17:35:54,295：INFO-接口返回的:{"isFee":"0","swiftNo":"7640c6a7dd8647cab6d9348c90d644ff","code":"10000","message":"参数缺失"}
2020-05-21 17:35:54,295：INFO-接口返回包含预期字段:参数缺失
2020-05-21 17:35:54,295：INFO-******************************测试案例4匹配结束******************************
2020-05-21 17:35:54,295：INFO-******************************测试案例4的code=10000，在预期结果(10000)中
2020-05-21 17:35:54,296：INFO-生成测试案例成功
2020-05-21 17:35:54,321：INFO-获取到ip和端口号的值为：10.83.0.18:8147
2020-05-21 17:35:54,321：INFO-获取接口地址的值为：/tianchuang/api/tc2/commerceInfo
2020-05-21 17:35:54,347：INFO-******************************测试案例5的状态码200与预期一致
2020-05-21 17:35:54,347：INFO-******************************开始匹配测试案例5******************************
2020-05-21 17:35:54,347：INFO-接口返回的:{"isFee":"0","swiftNo":"38f224d3e498471b91b08517dbcf636b","code":"10000","message":"参数缺失"}
2020-05-21 17:35:54,347：INFO-接口返回包含预期字段:参数缺失
2020-05-21 17:35:54,347：INFO-******************************测试案例5匹配结束******************************
2020-05-21 17:35:54,347：INFO-******************************测试案例5的code=10000，在预期结果(10000)中
2020-05-21 17:35:54,348：INFO-生成测试案例成功
