2020-05-21 11:21:43,573：INFO-获取到ip和端口号的值为：10.83.0.18:8147
2020-05-21 11:21:43,573：INFO-获取接口地址的值为：/tianchuang/api/tc2/creditSmallScore
2020-05-21 11:21:43,597：INFO-******************************测试案例1的状态码200与预期一致
2020-05-21 11:21:43,598：INFO-******************************开始匹配测试案例1******************************
2020-05-21 11:21:43,598：INFO-接口返回的:{"isFee":"0","swiftNo":"f5e9a381b7cf4b22b9ea716d4e8a65b0","code":"10000","message":"参数缺失"}
2020-05-21 11:21:43,598：INFO-接口返回包含预期字段:参数缺失
2020-05-21 11:21:43,598：INFO-******************************测试案例1匹配结束******************************
2020-05-21 11:21:43,599：INFO-******************************测试案例1的code=10000，在预期结果(10000)中
2020-05-21 11:21:43,602：INFO-生成测试案例成功
2020-05-21 11:21:43,632：INFO-获取到ip和端口号的值为：10.83.0.18:8147
2020-05-21 11:21:43,632：INFO-获取接口地址的值为：/tianchuang/api/tc2/creditSmallScore
2020-05-21 11:21:43,656：INFO-******************************测试案例2的状态码200与预期一致
2020-05-21 11:21:43,657：INFO-******************************开始匹配测试案例2******************************
2020-05-21 11:21:43,657：INFO-接口返回的:{"isFee":"0","swiftNo":"98a071e64f014a15ae4d6be3d75b8283","code":"10000","message":"参数缺失"}
2020-05-21 11:21:43,657：INFO-接口返回包含预期字段:参数缺失
2020-05-21 11:21:43,657：INFO-******************************测试案例2匹配结束******************************
2020-05-21 11:21:43,657：INFO-******************************测试案例2的code=10000，在预期结果(10000)中
2020-05-21 11:21:43,658：INFO-生成测试案例成功
2020-05-21 11:21:43,688：INFO-获取到ip和端口号的值为：10.83.0.18:8147
2020-05-21 11:21:43,688：INFO-获取接口地址的值为：/tianchuang/api/tc2/creditSmallScore
2020-05-21 11:21:43,715：INFO-******************************测试案例3的状态码200与预期一致
2020-05-21 11:21:43,715：INFO-******************************开始匹配测试案例3******************************
2020-05-21 11:21:43,715：INFO-接口返回的:{"isFee":"0","swiftNo":"10b1da3108074b9a8f7f7d45532954f8","code":"10000","message":"参数缺失"}
2020-05-21 11:21:43,715：INFO-接口返回包含预期字段:参数缺失
2020-05-21 11:21:43,715：INFO-******************************测试案例3匹配结束******************************
2020-05-21 11:21:43,715：INFO-******************************测试案例3的code=10000，在预期结果(10000)中
2020-05-21 11:21:43,716：INFO-生成测试案例成功
2020-05-21 11:21:43,739：INFO-获取到ip和端口号的值为：10.83.0.18:8147
2020-05-21 11:21:43,740：INFO-获取接口地址的值为：/tianchuang/api/tc2/creditSmallScore
2020-05-21 11:21:43,763：INFO-******************************测试案例4的状态码200与预期一致
2020-05-21 11:21:43,764：INFO-******************************开始匹配测试案例4******************************
2020-05-21 11:21:43,764：INFO-接口返回的:{"isFee":"0","swiftNo":"502d022e43c1429ea124cb71e16642db","code":"10000","message":"参数缺失"}
2020-05-21 11:21:43,764：INFO-接口返回包含预期字段:参数缺失
2020-05-21 11:21:43,764：INFO-******************************测试案例4匹配结束******************************
2020-05-21 11:21:43,764：INFO-******************************测试案例4的code=10000，在预期结果(10000)中
2020-05-21 11:21:43,764：INFO-生成测试案例成功
2020-05-21 11:21:43,792：INFO-获取到ip和端口号的值为：10.83.0.18:8147
2020-05-21 11:21:43,792：INFO-获取接口地址的值为：/tianchuang/api/tc2/creditSmallScore
2020-05-21 11:21:43,818：INFO-******************************测试案例5的状态码200与预期一致
2020-05-21 11:21:43,818：INFO-******************************开始匹配测试案例5******************************
2020-05-21 11:21:43,818：INFO-接口返回的:{"isFee":"0","swiftNo":"8f14ff649a0e4722aa2ed8c3b4a7bde7","code":"10000","message":"参数缺失"}
2020-05-21 11:21:43,818：INFO-接口返回包含预期字段:参数缺失
2020-05-21 11:21:43,818：INFO-******************************测试案例5匹配结束******************************
2020-05-21 11:21:43,818：INFO-******************************测试案例5的code=10000，在预期结果(10000)中
2020-05-21 11:21:43,819：INFO-生成测试案例成功
2020-05-21 11:21:43,841：INFO-获取到ip和端口号的值为：10.83.0.18:8147
2020-05-21 11:21:43,842：INFO-获取接口地址的值为：/tianchuang/api/tc2/creditSmallScore
2020-05-21 11:21:43,866：INFO-******************************测试案例6的状态码200与预期一致
2020-05-21 11:21:43,866：INFO-******************************开始匹配测试案例6******************************
2020-05-21 11:21:43,866：INFO-接口返回的:{"isFee":"0","swiftNo":"7240c7c0431144799d3477309ec20a23","code":"10000","message":"参数缺失"}
2020-05-21 11:21:43,866：INFO-接口返回包含预期字段:参数缺失
2020-05-21 11:21:43,866：INFO-******************************测试案例6匹配结束******************************
2020-05-21 11:21:43,866：INFO-******************************测试案例6的code=10000，在预期结果(10000)中
2020-05-21 11:21:43,867：INFO-生成测试案例成功
