2020-04-26 11:49:55,258：INFO-获取到ip和端口号的值为：10.83.0.18:8084
2020-04-26 11:49:55,258：INFO-获取接口地址的值为：/tianchuang/api/sinan/infernalProbe
2020-04-26 11:49:55,289：INFO-******************************测试案例1的状态码200与预期一致
2020-04-26 11:49:55,289：INFO-******************************开始匹配测试案例1******************************
2020-04-26 11:49:55,289：INFO-接口返回的:{"code":"10000","message":"参数缺失"}
2020-04-26 11:49:55,289：INFO-接口返回包含预期字段:参数缺失
2020-04-26 11:49:55,290：INFO-******************************测试案例1匹配结束******************************
2020-04-26 11:49:55,290：INFO-******************************测试案例1的code=10000，在预期结果(10000)中
2020-04-26 11:49:55,298：INFO-生成测试案例成功
2020-04-26 11:49:55,323：INFO-获取到ip和端口号的值为：10.83.0.18:8084
2020-04-26 11:49:55,323：INFO-获取接口地址的值为：/tianchuang/api/sinan/infernalProbe
2020-04-26 11:49:55,350：INFO-******************************测试案例2的状态码200与预期一致
2020-04-26 11:49:55,350：INFO-******************************开始匹配测试案例2******************************
2020-04-26 11:49:55,351：INFO-接口返回的:{"code":"10000","message":"参数缺失"}
2020-04-26 11:49:55,351：INFO-接口返回包含预期字段:参数缺失
2020-04-26 11:49:55,351：INFO-******************************测试案例2匹配结束******************************
2020-04-26 11:49:55,351：INFO-******************************测试案例2的code=10000，在预期结果(10000)中
2020-04-26 11:49:55,352：INFO-生成测试案例成功
2020-04-26 11:49:55,375：INFO-获取到ip和端口号的值为：10.83.0.18:8084
2020-04-26 11:49:55,375：INFO-获取接口地址的值为：/tianchuang/api/sinan/infernalProbe
2020-04-26 11:49:55,402：INFO-******************************测试案例3的状态码200与预期一致
2020-04-26 11:49:55,403：INFO-******************************开始匹配测试案例3******************************
2020-04-26 11:49:55,403：INFO-接口返回的:{"code":"10000","message":"参数缺失"}
2020-04-26 11:49:55,403：INFO-接口返回包含预期字段:参数缺失
2020-04-26 11:49:55,403：INFO-******************************测试案例3匹配结束******************************
2020-04-26 11:49:55,403：INFO-******************************测试案例3的code=10000，在预期结果(10000)中
2020-04-26 11:49:55,404：INFO-生成测试案例成功
2020-04-26 11:49:55,426：INFO-获取到ip和端口号的值为：10.83.0.18:8084
2020-04-26 11:49:55,427：INFO-获取接口地址的值为：/tianchuang/api/sinan/infernalProbe
2020-04-26 11:49:55,457：INFO-******************************测试案例4的状态码200与预期一致
2020-04-26 11:49:55,458：INFO-******************************开始匹配测试案例4******************************
2020-04-26 11:49:55,458：INFO-接口返回的:{"code":"10000","message":"参数缺失"}
2020-04-26 11:49:55,459：INFO-接口返回包含预期字段:参数缺失
2020-04-26 11:49:55,459：INFO-******************************测试案例4匹配结束******************************
2020-04-26 11:49:55,459：INFO-******************************测试案例4的code=10000，在预期结果(10000)中
2020-04-26 11:49:55,460：INFO-生成测试案例成功
2020-04-26 11:49:55,483：INFO-获取到ip和端口号的值为：10.83.0.18:8084
2020-04-26 11:49:55,483：INFO-获取接口地址的值为：/tianchuang/api/sinan/infernalProbe
2020-04-26 11:49:55,509：INFO-******************************测试案例5的状态码200与预期一致
2020-04-26 11:49:55,510：INFO-******************************开始匹配测试案例5******************************
2020-04-26 11:49:55,510：INFO-接口返回的:{"code":"10000","message":"参数缺失"}
2020-04-26 11:49:55,510：INFO-接口返回包含预期字段:参数缺失
2020-04-26 11:49:55,510：INFO-******************************测试案例5匹配结束******************************
2020-04-26 11:49:55,510：INFO-******************************测试案例5的code=10000，在预期结果(10000)中
2020-04-26 11:49:55,511：INFO-生成测试案例成功
