2020-05-21 17:36:15,346：INFO-获取到ip和端口号的值为：10.83.0.18:8147
2020-05-21 17:36:15,346：INFO-获取接口地址的值为：/tianchuang/api/tc2/commerceInfo
2020-05-21 17:36:15,373：INFO-******************************测试案例1的状态码200与预期一致
2020-05-21 17:36:15,373：INFO-******************************开始匹配测试案例1******************************
2020-05-21 17:36:15,373：INFO-接口返回的:{"isFee":"0","swiftNo":"2fc50d8b4218490e9970ef07a23a19bc","code":"10000","message":"参数缺失"}
2020-05-21 17:36:15,373：INFO-接口返回包含预期字段:参数缺失
2020-05-21 17:36:15,373：INFO-******************************测试案例1匹配结束******************************
2020-05-21 17:36:15,374：INFO-******************************测试案例1的code=10000，在预期结果(10000)中
2020-05-21 17:36:15,378：INFO-生成测试案例成功
2020-05-21 17:36:15,404：INFO-获取到ip和端口号的值为：10.83.0.18:8147
2020-05-21 17:36:15,404：INFO-获取接口地址的值为：/tianchuang/api/tc2/commerceInfo
2020-05-21 17:36:15,429：INFO-******************************测试案例2的状态码200与预期一致
2020-05-21 17:36:15,429：INFO-******************************开始匹配测试案例2******************************
2020-05-21 17:36:15,429：INFO-接口返回的:{"isFee":"0","swiftNo":"1334d3f92d854bf98836618e69215b1c","code":"10000","message":"参数缺失"}
2020-05-21 17:36:15,429：INFO-接口返回包含预期字段:参数缺失
2020-05-21 17:36:15,429：INFO-******************************测试案例2匹配结束******************************
2020-05-21 17:36:15,429：INFO-******************************测试案例2的code=10000，在预期结果(10000)中
2020-05-21 17:36:15,430：INFO-生成测试案例成功
2020-05-21 17:36:15,452：INFO-获取到ip和端口号的值为：10.83.0.18:8147
2020-05-21 17:36:15,452：INFO-获取接口地址的值为：/tianchuang/api/tc2/commerceInfo
2020-05-21 17:36:15,476：INFO-******************************测试案例3的状态码200与预期一致
2020-05-21 17:36:15,476：INFO-******************************开始匹配测试案例3******************************
2020-05-21 17:36:15,476：INFO-接口返回的:{"isFee":"0","swiftNo":"af79390c68854e949bf838635c4cb6ae","code":"10000","message":"参数缺失"}
2020-05-21 17:36:15,477：INFO-接口返回包含预期字段:参数缺失
2020-05-21 17:36:15,477：INFO-******************************测试案例3匹配结束******************************
2020-05-21 17:36:15,477：INFO-******************************测试案例3的code=10000，在预期结果(10000)中
2020-05-21 17:36:15,477：INFO-生成测试案例成功
2020-05-21 17:36:15,506：INFO-获取到ip和端口号的值为：10.83.0.18:8147
2020-05-21 17:36:15,506：INFO-获取接口地址的值为：/tianchuang/api/tc2/commerceInfo
2020-05-21 17:36:15,528：INFO-******************************测试案例4的状态码200与预期一致
2020-05-21 17:36:15,528：INFO-******************************开始匹配测试案例4******************************
2020-05-21 17:36:15,528：INFO-接口返回的:{"isFee":"0","swiftNo":"518830daa84c404a82abd4e5b9db803a","code":"10000","message":"参数缺失"}
2020-05-21 17:36:15,529：INFO-接口返回包含预期字段:参数缺失
2020-05-21 17:36:15,529：INFO-******************************测试案例4匹配结束******************************
2020-05-21 17:36:15,529：INFO-******************************测试案例4的code=10000，在预期结果(10000)中
2020-05-21 17:36:15,529：INFO-生成测试案例成功
2020-05-21 17:36:15,551：INFO-获取到ip和端口号的值为：10.83.0.18:8147
2020-05-21 17:36:15,551：INFO-获取接口地址的值为：/tianchuang/api/tc2/commerceInfo
2020-05-21 17:36:15,575：INFO-******************************测试案例5的状态码200与预期一致
2020-05-21 17:36:15,575：INFO-******************************开始匹配测试案例5******************************
2020-05-21 17:36:15,576：INFO-接口返回的:{"isFee":"0","swiftNo":"bb3143989e7d46fb918735f95c58b87d","code":"10000","message":"参数缺失"}
2020-05-21 17:36:15,576：INFO-接口返回包含预期字段:参数缺失
2020-05-21 17:36:15,576：INFO-******************************测试案例5匹配结束******************************
2020-05-21 17:36:15,576：INFO-******************************测试案例5的code=10000，在预期结果(10000)中
2020-05-21 17:36:15,576：INFO-生成测试案例成功
