2020-04-26 14:12:33,882：INFO-获取到ip和端口号的值为：10.83.0.18:8084
2020-04-26 14:12:33,882：INFO-获取接口地址的值为：/tianchuang/api/sinan/creditProbeStar
2020-04-26 14:12:33,912：INFO-******************************测试案例1的状态码200与预期一致
2020-04-26 14:12:33,912：INFO-******************************开始匹配测试案例1******************************
2020-04-26 14:12:33,912：INFO-接口返回的:{"code":"10000","message":"参数缺失"}
2020-04-26 14:12:33,912：INFO-接口返回包含预期字段:参数缺失
2020-04-26 14:12:33,913：INFO-******************************测试案例1匹配结束******************************
2020-04-26 14:12:33,913：INFO-******************************测试案例1的code=10000，在预期结果(10000)中
2020-04-26 14:12:33,917：INFO-生成测试案例成功
2020-04-26 14:12:33,944：INFO-获取到ip和端口号的值为：10.83.0.18:8084
2020-04-26 14:12:33,944：INFO-获取接口地址的值为：/tianchuang/api/sinan/creditProbeStar
2020-04-26 14:12:33,970：INFO-******************************测试案例2的状态码200与预期一致
2020-04-26 14:12:33,971：INFO-******************************开始匹配测试案例2******************************
2020-04-26 14:12:33,971：INFO-接口返回的:{"code":"10000","message":"参数缺失"}
2020-04-26 14:12:33,971：INFO-接口返回包含预期字段:参数缺失
2020-04-26 14:12:33,971：INFO-******************************测试案例2匹配结束******************************
2020-04-26 14:12:33,971：INFO-******************************测试案例2的code=10000，在预期结果(10000)中
2020-04-26 14:12:33,972：INFO-生成测试案例成功
2020-04-26 14:12:34,000：INFO-获取到ip和端口号的值为：10.83.0.18:8084
2020-04-26 14:12:34,000：INFO-获取接口地址的值为：/tianchuang/api/sinan/creditProbeStar
2020-04-26 14:12:34,027：INFO-******************************测试案例3的状态码200与预期一致
2020-04-26 14:12:34,027：INFO-******************************开始匹配测试案例3******************************
2020-04-26 14:12:34,027：INFO-接口返回的:{"code":"10000","message":"参数缺失"}
2020-04-26 14:12:34,027：INFO-接口返回包含预期字段:参数缺失
2020-04-26 14:12:34,027：INFO-******************************测试案例3匹配结束******************************
2020-04-26 14:12:34,028：INFO-******************************测试案例3的code=10000，在预期结果(10000)中
2020-04-26 14:12:34,028：INFO-生成测试案例成功
2020-04-26 14:12:34,057：INFO-获取到ip和端口号的值为：10.83.0.18:8084
2020-04-26 14:12:34,058：INFO-获取接口地址的值为：/tianchuang/api/sinan/creditProbeStar
2020-04-26 14:12:34,084：INFO-******************************测试案例4的状态码200与预期一致
2020-04-26 14:12:34,084：INFO-******************************开始匹配测试案例4******************************
2020-04-26 14:12:34,084：INFO-接口返回的:{"code":"10000","message":"参数缺失"}
2020-04-26 14:12:34,084：INFO-接口返回包含预期字段:参数缺失
2020-04-26 14:12:34,084：INFO-******************************测试案例4匹配结束******************************
2020-04-26 14:12:34,085：INFO-******************************测试案例4的code=10000，在预期结果(10000)中
2020-04-26 14:12:34,085：INFO-生成测试案例成功
2020-04-26 14:12:34,117：INFO-获取到ip和端口号的值为：10.83.0.18:8084
2020-04-26 14:12:34,118：INFO-获取接口地址的值为：/tianchuang/api/sinan/creditProbeStar
2020-04-26 14:12:34,144：INFO-******************************测试案例5的状态码200与预期一致
2020-04-26 14:12:34,145：INFO-******************************开始匹配测试案例5******************************
2020-04-26 14:12:34,145：INFO-接口返回的:{"code":"10000","message":"参数缺失"}
2020-04-26 14:12:34,145：INFO-接口返回包含预期字段:参数缺失
2020-04-26 14:12:34,145：INFO-******************************测试案例5匹配结束******************************
2020-04-26 14:12:34,145：INFO-******************************测试案例5的code=10000，在预期结果(10000)中
2020-04-26 14:12:34,146：INFO-生成测试案例成功
