2020-05-21 11:05:36,845：INFO-获取到ip和端口号的值为：10.83.0.18:8147
2020-05-21 11:05:36,845：INFO-获取接口地址的值为：/tianchuang/api/tc2/microfinanceScore
2020-05-21 11:05:36,870：INFO-******************************测试案例1的状态码200与预期一致
2020-05-21 11:05:36,871：INFO-******************************开始匹配测试案例1******************************
2020-05-21 11:05:36,871：INFO-接口返回的:{"isFee":"0","swiftNo":"c436eb50caa14be0b3fa2a05e5ada1be","code":"10000","message":"参数缺失"}
2020-05-21 11:05:36,871：INFO-接口返回包含预期字段:参数缺失
2020-05-21 11:05:36,871：INFO-******************************测试案例1匹配结束******************************
2020-05-21 11:05:36,871：INFO-******************************测试案例1的code=10000，在预期结果(10000)中
2020-05-21 11:05:36,875：INFO-生成测试案例成功
2020-05-21 11:05:36,905：INFO-获取到ip和端口号的值为：10.83.0.18:8147
2020-05-21 11:05:36,905：INFO-获取接口地址的值为：/tianchuang/api/tc2/microfinanceScore
2020-05-21 11:05:36,931：INFO-******************************测试案例2的状态码200与预期一致
2020-05-21 11:05:36,931：INFO-******************************开始匹配测试案例2******************************
2020-05-21 11:05:36,931：INFO-接口返回的:{"isFee":"0","swiftNo":"f10b50276b5b4675bb8d11e91ef36a40","code":"10000","message":"参数缺失"}
2020-05-21 11:05:36,931：INFO-接口返回包含预期字段:参数缺失
2020-05-21 11:05:36,931：INFO-******************************测试案例2匹配结束******************************
2020-05-21 11:05:36,931：INFO-******************************测试案例2的code=10000，在预期结果(10000)中
2020-05-21 11:05:36,932：INFO-生成测试案例成功
2020-05-21 11:05:36,956：INFO-获取到ip和端口号的值为：10.83.0.18:8147
2020-05-21 11:05:36,956：INFO-获取接口地址的值为：/tianchuang/api/tc2/microfinanceScore
2020-05-21 11:05:36,980：INFO-******************************测试案例3的状态码200与预期一致
2020-05-21 11:05:36,980：INFO-******************************开始匹配测试案例3******************************
2020-05-21 11:05:36,980：INFO-接口返回的:{"isFee":"0","swiftNo":"e6cc3a10e0aa49c29f72ef280e7e40bf","code":"10000","message":"参数缺失"}
2020-05-21 11:05:36,980：INFO-接口返回包含预期字段:参数缺失
2020-05-21 11:05:36,980：INFO-******************************测试案例3匹配结束******************************
2020-05-21 11:05:36,980：INFO-******************************测试案例3的code=10000，在预期结果(10000)中
2020-05-21 11:05:36,981：INFO-生成测试案例成功
2020-05-21 11:05:37,004：INFO-获取到ip和端口号的值为：10.83.0.18:8147
2020-05-21 11:05:37,004：INFO-获取接口地址的值为：/tianchuang/api/tc2/microfinanceScore
2020-05-21 11:05:37,026：INFO-******************************测试案例4的状态码200与预期一致
2020-05-21 11:05:37,026：INFO-******************************开始匹配测试案例4******************************
2020-05-21 11:05:37,026：INFO-接口返回的:{"isFee":"0","swiftNo":"9b6a26f30c954fbebadc975b031e527e","code":"10000","message":"参数缺失"}
2020-05-21 11:05:37,026：INFO-接口返回包含预期字段:参数缺失
2020-05-21 11:05:37,026：INFO-******************************测试案例4匹配结束******************************
2020-05-21 11:05:37,026：INFO-******************************测试案例4的code=10000，在预期结果(10000)中
2020-05-21 11:05:37,027：INFO-生成测试案例成功
2020-05-21 11:05:37,052：INFO-获取到ip和端口号的值为：10.83.0.18:8147
2020-05-21 11:05:37,052：INFO-获取接口地址的值为：/tianchuang/api/tc2/microfinanceScore
2020-05-21 11:05:37,075：INFO-******************************测试案例5的状态码200与预期一致
2020-05-21 11:05:37,075：INFO-******************************开始匹配测试案例5******************************
2020-05-21 11:05:37,075：INFO-接口返回的:{"isFee":"0","swiftNo":"10ca62deecc7424daadc781f5d4b816a","code":"10000","message":"参数缺失"}
2020-05-21 11:05:37,075：INFO-接口返回包含预期字段:参数缺失
2020-05-21 11:05:37,075：INFO-******************************测试案例5匹配结束******************************
2020-05-21 11:05:37,075：INFO-******************************测试案例5的code=10000，在预期结果(10000)中
2020-05-21 11:05:37,076：INFO-生成测试案例成功
2020-05-21 11:05:37,103：INFO-获取到ip和端口号的值为：10.83.0.18:8147
2020-05-21 11:05:37,103：INFO-获取接口地址的值为：/tianchuang/api/tc2/microfinanceScore
2020-05-21 11:05:37,125：INFO-******************************测试案例6的状态码200与预期一致
2020-05-21 11:05:37,125：INFO-******************************开始匹配测试案例6******************************
2020-05-21 11:05:37,125：INFO-接口返回的:{"isFee":"0","swiftNo":"17a487405e8748e8add8110885e8996a","code":"10000","message":"参数缺失"}
2020-05-21 11:05:37,125：INFO-接口返回包含预期字段:参数缺失
2020-05-21 11:05:37,125：INFO-******************************测试案例6匹配结束******************************
2020-05-21 11:05:37,125：INFO-******************************测试案例6的code=10000，在预期结果(10000)中
2020-05-21 11:05:37,126：INFO-生成测试案例成功
