2020-04-15 17:01:32,705：INFO-获取到ip和端口号的值为：10.83.0.18:8134
2020-04-15 17:01:32,705：INFO-获取接口地址的值为：/csig/api/tencentCloud/queryMobileStuats
2020-04-15 17:01:32,746：INFO-******************************测试案例1的状态码200与预期一致
2020-04-15 17:01:32,746：INFO-******************************开始匹配测试案例1******************************
2020-04-15 17:01:32,747：INFO-接口返回的message:{"isFee":"0","swiftNo":"","code":"01","isp":"unicom","message":"请求参数缺失!请求流水号不能为空!"}
2020-04-15 17:01:32,749：INFO-接口返回包含预期字段:参数缺失
2020-04-15 17:01:32,749：INFO-******************************测试案例1匹配结束******************************
2020-04-15 17:01:32,750：INFO-******************************测试案例1的code=01，在预期结果(01)中
2020-04-15 17:01:32,756：INFO-生成测试案例成功
2020-04-15 17:01:32,838：INFO-******************************测试案例2的状态码200与预期一致
2020-04-15 17:01:32,839：INFO-******************************开始匹配测试案例2******************************
2020-04-15 17:01:32,840：INFO-接口返回的message:{"isFee":"0","swiftNo":"202004150001","code":"01","isp":"电话号码不属于三大运营商","message":"请求参数缺失!请求渠道不能为空!"}
2020-04-15 17:01:32,841：INFO-接口返回包含预期字段:参数缺失
2020-04-15 17:01:32,842：INFO-******************************测试案例2匹配结束******************************
2020-04-15 17:01:32,842：INFO-******************************测试案例2的code=01，在预期结果(01)中
2020-04-15 17:01:32,843：INFO-生成测试案例成功
2020-04-15 17:01:32,895：INFO-******************************测试案例3的状态码200与预期一致
2020-04-15 17:01:32,895：INFO-******************************开始匹配测试案例3******************************
2020-04-15 17:01:32,896：INFO-接口返回的message:{"isFee":"0","swiftNo":"202004150002","code":"01","isp":"unicom","message":"请求参数缺失!项目名称不能为空!"}
2020-04-15 17:01:32,897：INFO-接口返回包含预期字段:参数缺失
2020-04-15 17:01:32,897：INFO-******************************测试案例3匹配结束******************************
2020-04-15 17:01:32,897：INFO-******************************测试案例3的code=01，在预期结果(01)中
2020-04-15 17:01:32,898：INFO-生成测试案例成功
2020-04-15 17:01:32,958：INFO-******************************测试案例4的状态码200与预期一致
2020-04-15 17:01:32,958：INFO-******************************开始匹配测试案例4******************************
2020-04-15 17:01:32,974：INFO-接口返回的message:{"isFee":"0","swiftNo":"202004150003","code":"01","message":"请求参数缺失!手机号码不能为空!"}
2020-04-15 17:01:32,975：INFO-接口返回包含预期字段:参数缺失
2020-04-15 17:01:32,975：INFO-******************************测试案例4匹配结束******************************
2020-04-15 17:01:32,977：INFO-******************************测试案例4的code=01，在预期结果(01)中
2020-04-15 17:01:32,977：INFO-生成测试案例成功
